{"numTotalTestSuites":701,"numPassedTestSuites":701,"numFailedTestSuites":0,"numPendingTestSuites":0,"numTotalTests":2621,"numPassedTests":2621,"numFailedTests":0,"numPendingTests":0,"numTodoTests":0,"snapshot":{"added":0,"failure":false,"filesAdded":0,"filesRemoved":0,"filesRemovedList":[],"filesUnmatched":0,"filesUpdated":0,"matched":0,"total":0,"unchecked":0,"uncheckedKeysByFile":[],"unmatched":0,"updated":0,"didUpdate":false},"startTime":1787408638800,"success":true,"testResults":[{"assertionResults":[{"ancestorTitles":["migration 176 — account default names backfill"],"fullName":"migration 176 — account default names backfill fills every row and restores the NOT NULL constraint","status":"passed","title":"fills every row and restores the NOT NULL constraint","duration":6337.0509999999995,"failureMessages":[],"meta":{},"tags":[]},{"ancestorTitles":["migration 176 — account default names backfill"],"fullName":"migration 176 — account default names backfill gives an nl tenant Dutch defaults and a packless tenant the English base","status":"passed","title":"gives an nl tenant Dutch defaults and a packless tenant the English base","duration":6302.925700000001,"failureMessages":[],"meta":{},"tags":[]},{"ancestorTitles":["migration 176 — account default names backfill"],"fullName":"migration 176 — account default names backfill never rewrites an existing name, so legacy English rows only gain a reset affordance","status":"passed","title":"never rewrites an existing name, so legacy English rows only gain a reset affordance","duration":6244.525,"failureMessages":[],"meta":{},"tags":[]},{"ancestorTitles":["migration 176 — account default names backfill"],"fullName":"migration 176 — account default names backfill preserves a customized name and marks it customized","status":"passed","title":"preserves a customized name and marks it customized","duration":6595.1152,"failureMessages":[],"meta":{},"tags":[]},{"ancestorTitles":["migration 176 — account default names backfill"],"fullName":"migration 176 — account default names backfill defaults a tenant-created account to its own name","status":"passed","title":"defaults a tenant-created account to its own name","duration":6706.7552,"failureMessages":[],"meta":{},"tags":[]},{"ancestorTitles":["migration 176 — account default names backfill"],"fullName":"migration 176 — account default names backfill 177 stamps the pack revision on tenants that had none","status":"passed","title":"177 stamps the pack revision on tenants that had none","duration":6040.616499999996,"failureMessages":[],"meta":{},"tags":[]},{"ancestorTitles":["migration 176 — account default names backfill"],"fullName":"migration 176 — account default names backfill 177 supersedes the pre-release stamp format","status":"passed","title":"177 supersedes the pre-release stamp format","duration":6495.485399999998,"failureMessages":[],"meta":{},"tags":[]},{"ancestorTitles":["migration 176 — account default names backfill"],"fullName":"migration 176 — account default names backfill 177 never overwrites a newer revision","status":"passed","title":"177 never overwrites a newer revision","duration":6216.734199999999,"failureMessages":[],"meta":{},"tags":[]},{"ancestorTitles":["migration 176 — account default names backfill"],"fullName":"migration 176 — account default names backfill is idempotent — replaying it changes nothing","status":"passed","title":"is idempotent — replaying it changes nothing","duration":6510.617999999995,"failureMessages":[],"meta":{},"tags":[]}],"startTime":1787409676772,"endTime":1787409734221.618,"status":"passed","message":"","name":"F:/devprojects/gigbuddy/src/tests/server/accountDefaultNamesMigration.test.js"},{"assertionResults":[{"ancestorTitles":["accounting profile — read"],"fullName":"accounting profile — read seeded tenants have a profile with the expected defaults","status":"passed","title":"seeded tenants have a profile with the expected defaults","duration":6599.4445,"failureMessages":[],"meta":{},"tags":[]},{"ancestorTitles":["accounting profile — read"],"fullName":"accounting profile — read records GBP as the base currency for a UK tenant","status":"passed","title":"records GBP as the base currency for a UK tenant","duration":6087.6422,"failureMessages":[],"meta":{},"tags":[]},{"ancestorTitles":["accounting profile — read"],"fullName":"accounting profile — read patches a known default VAT rate","status":"passed","title":"patches a known default VAT rate","duration":6548.882399999999,"failureMessages":[],"meta":{},"tags":[]},{"ancestorTitles":["accounting profile — country change"],"fullName":"accounting profile — country change atomically resets country-dependent configuration before documents exist","status":"passed","title":"atomically resets country-dependent configuration before documents exist","duration":6464.605099999997,"failureMessages":[],"meta":{},"tags":[]},{"ancestorTitles":["accounting profile — country change"],"fullName":"accounting profile — country change re-labels the chart for the new country but keeps renamed accounts","status":"passed","title":"re-labels the chart for the new country but keeps renamed accounts","duration":6165.925599999999,"failureMessages":[],"meta":{},"tags":[]},{"ancestorTitles":["accounting profile — country change"],"fullName":"accounting profile — country change blocks drafts and does not inspect another tenant","status":"passed","title":"blocks drafts and does not inspect another tenant","duration":7387.584999999999,"failureMessages":[],"meta":{},"tags":[]},{"ancestorTitles":["accounting profile — a missing row is a fault"],"fullName":"accounting profile — a missing row is a fault reports 409 accounting_profile_missing instead of inventing a row","status":"passed","title":"reports 409 accounting_profile_missing instead of inventing a row","duration":7091.618900000001,"failureMessages":[],"meta":{},"tags":[]},{"ancestorTitles":["accounting profile — a missing row is a fault"],"fullName":"accounting profile — a missing row is a fault surfaces on the finance surfaces that read the regime","status":"passed","title":"surfaces on the finance surfaces that read the regime","duration":6810.215899999996,"failureMessages":[],"meta":{},"tags":[]},{"ancestorTitles":["accounting profile — audit script"],"fullName":"accounting profile — audit script reports a missing profile and refuses to repair it without a country","status":"passed","title":"reports a missing profile and refuses to repair it without a country","duration":6316.310099999995,"failureMessages":[],"meta":{},"tags":[]},{"ancestorTitles":["accounting profile — audit script"],"fullName":"accounting profile — audit script repairs the named tenant with the supplied country","status":"passed","title":"repairs the named tenant with the supplied country","duration":6425.849600000001,"failureMessages":[],"meta":{},"tags":[]},{"ancestorTitles":["accounting profile — audit script"],"fullName":"accounting profile — audit script does not touch a tenant that was not named","status":"passed","title":"does not touch a tenant that was not named","duration":6817.31779999999,"failureMessages":[],"meta":{},"tags":[]},{"ancestorTitles":["accounting profile — audit script"],"fullName":"accounting profile — audit script cannot see a missing default VAT rate — the column is NOT NULL","status":"passed","title":"cannot see a missing default VAT rate — the column is NOT NULL","duration":6666.989300000001,"failureMessages":[],"meta":{},"tags":[]},{"ancestorTitles":["accounting profile — write"],"fullName":"accounting profile — write applies a partial patch and leaves the other fields alone","status":"passed","title":"applies a partial patch and leaves the other fields alone","duration":6105.241399999999,"failureMessages":[],"meta":{},"tags":[]},{"ancestorTitles":["accounting profile — write"],"fullName":"accounting profile — write an empty patch is rejected","status":"passed","title":"an empty patch is rejected","duration":6598.962400000004,"failureMessages":[],"meta":{},"tags":[]},{"ancestorTitles":["accounting profile — write"],"fullName":"accounting profile — write rejects unknown enum values","status":"passed","title":"rejects unknown enum values","duration":6104.467099999994,"failureMessages":[],"meta":{},"tags":[]},{"ancestorTitles":["accounting profile — write"],"fullName":"accounting profile — write ignores the derived and product-fact fields entirely","status":"passed","title":"ignores the derived and product-fact fields entirely","duration":6431.532699999996,"failureMessages":[],"meta":{},"tags":[]},{"ancestorTitles":["accounting profile — write"],"fullName":"accounting profile — write derives the legal form and the reporting framework from the local form","status":"passed","title":"derives the legal form and the reporting framework from the local form","duration":6770.650299999994,"failureMessages":[],"meta":{},"tags":[]},{"ancestorTitles":["accounting profile — write"],"fullName":"accounting profile — write clearing the local legal form clears both derived values","status":"passed","title":"clearing the local legal form clears both derived values","duration":6232.984700000001,"failureMessages":[],"meta":{},"tags":[]},{"ancestorTitles":["accounting profile — write"],"fullName":"accounting profile — write rejects a local form belonging to another country","status":"passed","title":"rejects a local form belonging to another country","duration":6370.299700000003,"failureMessages":[],"meta":{},"tags":[]},{"ancestorTitles":["accounting profile — write"],"fullName":"accounting profile — write leaves the tenants row without any regime column","status":"passed","title":"leaves the tenants row without any regime column","duration":6357.12430000001,"failureMessages":[],"meta":{},"tags":[]},{"ancestorTitles":["accounting profile — immutable country"],"fullName":"accounting profile — immutable country rejects a country change with 409","status":"passed","title":"rejects a country change with 409","duration":6084.543399999995,"failureMessages":[],"meta":{},"tags":[]},{"ancestorTitles":["accounting profile — immutable country"],"fullName":"accounting profile — immutable country rejects a base_currency change (it is derived from the country)","status":"passed","title":"rejects a base_currency change (it is derived from the country)","duration":6774.195000000007,"failureMessages":[],"meta":{},"tags":[]},{"ancestorTitles":["accounting profile — immutable country"],"fullName":"accounting profile — immutable country PATCH /api/profile can no longer change the VAT country","status":"passed","title":"PATCH /api/profile can no longer change the VAT country","duration":6904.086800000019,"failureMessages":[],"meta":{},"tags":[]},{"ancestorTitles":["accounting profile — immutable country"],"fullName":"accounting profile — immutable country PATCH /api/profile can no longer change the legal form","status":"passed","title":"PATCH /api/profile can no longer change the legal form","duration":6105.030800000008,"failureMessages":[],"meta":{},"tags":[]},{"ancestorTitles":["accounting profile — immutable country"],"fullName":"accounting profile — immutable country derives the framework from the profile country, not a default","status":"passed","title":"derives the framework from the profile country, not a default","duration":6638.469400000002,"failureMessages":[],"meta":{},"tags":[]},{"ancestorTitles":["accounting profile — VAT dependency rules"],"fullName":"accounting profile — VAT dependency rules confirming \"not registered\" settles the VAT fields as not applicable","status":"passed","title":"confirming \"not registered\" settles the VAT fields as not applicable","duration":6222.990099999995,"failureMessages":[],"meta":{},"tags":[]},{"ancestorTitles":["accounting profile — VAT dependency rules"],"fullName":"accounting profile — VAT dependency rules refuses an exempt filing period, pointing at the scheme instead","status":"passed","title":"refuses an exempt filing period, pointing at the scheme instead","duration":6325.236900000018,"failureMessages":[],"meta":{},"tags":[]},{"ancestorTitles":["accounting profile — VAT dependency rules"],"fullName":"accounting profile — VAT dependency rules an exempt band still counts as complete","status":"passed","title":"an exempt band still counts as complete","duration":7034.7023000000045,"failureMessages":[],"meta":{},"tags":[]},{"ancestorTitles":["accounting profile — VAT dependency rules"],"fullName":"accounting profile — VAT dependency rules rejects a filing period while registration is not confirmed","status":"passed","title":"rejects a filing period while registration is not confirmed","duration":6307.107300000003,"failureMessages":[],"meta":{},"tags":[]},{"ancestorTitles":["accounting profile — completeness"],"fullName":"accounting profile — completeness a non-registered tenant completes with two answers","status":"passed","title":"a non-registered tenant completes with two answers","duration":6246.432499999995,"failureMessages":[],"meta":{},"tags":[]},{"ancestorTitles":["accounting profile — review provenance"],"fullName":"accounting profile — review provenance refuses to confirm an incomplete profile","status":"passed","title":"refuses to confirm an incomplete profile","duration":6370.902000000002,"failureMessages":[],"meta":{},"tags":[]},{"ancestorTitles":["accounting profile — financial year start"],"fullName":"accounting profile — financial year start accepts month-end starts that exist every year","status":"passed","title":"accepts month-end starts that exist every year","duration":6214.462499999994,"failureMessages":[],"meta":{},"tags":[]},{"ancestorTitles":["accounting profile — permissions"],"fullName":"accounting profile — permissions a plain member cannot read the profile","status":"passed","title":"a plain member cannot read the profile","duration":6915.246600000013,"failureMessages":[],"meta":{},"tags":[]},{"ancestorTitles":["accounting profile — isolation"],"fullName":"accounting profile — isolation profile changes do not leak between tenants","status":"passed","title":"profile changes do not leak between tenants","duration":6698.268199999991,"failureMessages":[],"meta":{},"tags":[]}],"startTime":1787409772846,"endTime":1787409994050.2683,"status":"passed","message":"","name":"F:/devprojects/gigbuddy/src/tests/server/accountingProfile.test.js"},{"assertionResults":[{"ancestorTitles":["accounting profile validators"],"fullName":"accounting profile validators accepts tenant facts, ignores non-patchable fields, and derives the regime","status":"passed","title":"accepts tenant facts, ignores non-patchable fields, and derives the regime","duration":1.5755000000000052,"failureMessages":[],"meta":{},"tags":[]},{"ancestorTitles":["accounting profile validators"],"fullName":"accounting profile validators rejects invalid facts and impossible fiscal-year starts","status":"passed","title":"rejects invalid facts and impossible fiscal-year starts","duration":0.5209000000000117,"failureMessages":[],"meta":{},"tags":[]},{"ancestorTitles":["accounting profile validators"],"fullName":"accounting profile validators derives VAT fields and presentation from the confirmed profile facts","status":"passed","title":"derives VAT fields and presentation from the confirmed profile facts","duration":0.3036999999999921,"failureMessages":[],"meta":{},"tags":[]},{"ancestorTitles":["accounting-profile audit arguments"],"fullName":"accounting-profile audit arguments accepts only an explicit, supported repair target","status":"passed","title":"accepts only an explicit, supported repair target","duration":0.7749000000000024,"failureMessages":[],"meta":{},"tags":[]}],"startTime":1787410073543,"endTime":1787410073546.775,"status":"passed","message":"","name":"F:/devprojects/gigbuddy/src/tests/server/accountingProfileValidators.test.js"},{"assertionResults":[{"ancestorTitles":["accounts — seeding (JS path)"],"fullName":"accounts — seeding (JS path) seeded tenants have all default accounts including reimbursement liability","status":"passed","title":"seeded tenants have all default accounts including reimbursement liability","duration":4642.211399999999,"failureMessages":[],"meta":{},"tags":[]},{"ancestorTitles":["accounts — seeding (JS path)"],"fullName":"accounts — seeding (JS path) seeds Other Operating Income with Grants & Subsidies as its subaccount","status":"passed","title":"seeds Other Operating Income with Grants & Subsidies as its subaccount","duration":7321.359199999999,"failureMessages":[],"meta":{},"tags":[]},{"ancestorTitles":["accounts — seeding (JS path)"],"fullName":"accounts — seeding (JS path) seeded tenants have the default settings row with expected defaults","status":"passed","title":"seeded tenants have the default settings row with expected defaults","duration":7350.5983000000015,"failureMessages":[],"meta":{},"tags":[]},{"ancestorTitles":["accounts — seeding (JS path)"],"fullName":"accounts — seeding (JS path) each tenant has its own independent copy of default accounts","status":"passed","title":"each tenant has its own independent copy of default accounts","duration":6922.179900000003,"failureMessages":[],"meta":{},"tags":[]},{"ancestorTitles":["accounts — country default names"],"fullName":"accounts — country default names seeds Dutch labels for an nl tenant, with name and default_name identical","status":"passed","title":"seeds Dutch labels for an nl tenant, with name and default_name identical","duration":7174.451199999996,"failureMessages":[],"meta":{},"tags":[]},{"ancestorTitles":["accounts — country default names"],"fullName":"accounts — country default names falls back to the English base for a country without a pack","status":"passed","title":"falls back to the English base for a country without a pack","duration":7065.771399999998,"failureMessages":[],"meta":{},"tags":[]},{"ancestorTitles":["accounts — country default names"],"fullName":"accounts — country default names falls back to the English base when no country is supplied","status":"passed","title":"falls back to the English base when no country is supplied","duration":7831.5579,"failureMessages":[],"meta":{},"tags":[]},{"ancestorTitles":["accounts — country default names"],"fullName":"accounts — country default names every seeded account starts non-customized with a default equal to its name","status":"passed","title":"every seeded account starts non-customized with a default equal to its name","duration":6924.671500000004,"failureMessages":[],"meta":{},"tags":[]},{"ancestorTitles":["accounts — country default names"],"fullName":"accounts — country default names the insert trigger fills default_name when a writer omits it","status":"passed","title":"the insert trigger fills default_name when a writer omits it","duration":5063.394899999992,"failureMessages":[],"meta":{},"tags":[]},{"ancestorTitles":["accounts — renaming and resetting"],"fullName":"accounts — renaming and resetting PATCH renames a system account and marks it customized","status":"passed","title":"PATCH renames a system account and marks it customized","duration":5447.539299999989,"failureMessages":[],"meta":{},"tags":[]},{"ancestorTitles":["accounts — renaming and resetting"],"fullName":"accounts — renaming and resetting PATCH 400 name_required on a blank name","status":"passed","title":"PATCH 400 name_required on a blank name","duration":5426.919099999999,"failureMessages":[],"meta":{},"tags":[]},{"ancestorTitles":["accounts — renaming and resetting"],"fullName":"accounts — renaming and resetting PATCH name: null restores the country default and clears the flag","status":"passed","title":"PATCH name: null restores the country default and clears the flag","duration":5153.384399999995,"failureMessages":[],"meta":{},"tags":[]},{"ancestorTitles":["accounts — renaming and resetting"],"fullName":"accounts — renaming and resetting PATCH name: null on a tenant-created account returns 409 not_system_account","status":"passed","title":"PATCH name: null on a tenant-created account returns 409 not_system_account","duration":5431.016799999998,"failureMessages":[],"meta":{},"tags":[]},{"ancestorTitles":["accounts — renaming and resetting"],"fullName":"accounts — renaming and resetting POST stores the entered name as its own default, not customized","status":"passed","title":"POST stores the entered name as its own default, not customized","duration":4651.662499999991,"failureMessages":[],"meta":{},"tags":[]},{"ancestorTitles":["accounts — renaming and resetting"],"fullName":"accounts — renaming and resetting PATCH cannot change the account code, alone or alongside a name","status":"passed","title":"PATCH cannot change the account code, alone or alongside a name","duration":5413.257600000012,"failureMessages":[],"meta":{},"tags":[]},{"ancestorTitles":["accounts — renaming and resetting"],"fullName":"accounts — renaming and resetting PATCH cannot set default_name or name_is_customized from the request body","status":"passed","title":"PATCH cannot set default_name or name_is_customized from the request body","duration":5146.239799999996,"failureMessages":[],"meta":{},"tags":[]},{"ancestorTitles":["accounts — renaming and resetting"],"fullName":"accounts — renaming and resetting cross-tenant reset returns 404","status":"passed","title":"cross-tenant reset returns 404","duration":4842.948100000009,"failureMessages":[],"meta":{},"tags":[]},{"ancestorTitles":["accounts — capitalizable flag"],"fullName":"accounts — capitalizable flag seeds the gear and vehicle asset accounts as capitalizable, others not","status":"passed","title":"seeds the gear and vehicle asset accounts as capitalizable, others not","duration":3961.3829000000114,"failureMessages":[],"meta":{},"tags":[]},{"ancestorTitles":["accounts — capitalizable flag"],"fullName":"accounts — capitalizable flag GET /api/accounts exposes is_capitalizable","status":"passed","title":"GET /api/accounts exposes is_capitalizable","duration":3323.560400000002,"failureMessages":[],"meta":{},"tags":[]},{"ancestorTitles":["accounts — capitalizable flag"],"fullName":"accounts — capitalizable flag POST creates a capitalizable asset sub-account","status":"passed","title":"POST creates a capitalizable asset sub-account","duration":2207.0102000000043,"failureMessages":[],"meta":{},"tags":[]},{"ancestorTitles":["accounts — capitalizable flag"],"fullName":"accounts — capitalizable flag POST defaults is_capitalizable to false when omitted","status":"passed","title":"POST defaults is_capitalizable to false when omitted","duration":2174.123000000007,"failureMessages":[],"meta":{},"tags":[]},{"ancestorTitles":["accounts — capitalizable flag"],"fullName":"accounts — capitalizable flag POST 400 when is_capitalizable is set on a non-asset account","status":"passed","title":"POST 400 when is_capitalizable is set on a non-asset account","duration":2571.3127999999997,"failureMessages":[],"meta":{},"tags":[]},{"ancestorTitles":["accounts — capitalizable flag"],"fullName":"accounts — capitalizable flag PATCH toggles is_capitalizable on an asset account","status":"passed","title":"PATCH toggles is_capitalizable on an asset account","duration":2221.5546999999933,"failureMessages":[],"meta":{},"tags":[]},{"ancestorTitles":["accounts — capitalizable flag"],"fullName":"accounts — capitalizable flag PATCH 400 when enabling is_capitalizable on a non-asset account","status":"passed","title":"PATCH 400 when enabling is_capitalizable on a non-asset account","duration":2137.8712000000087,"failureMessages":[],"meta":{},"tags":[]},{"ancestorTitles":["accounts — isolation"],"fullName":"accounts — isolation GET /api/accounts returns only active tenant accounts","status":"passed","title":"GET /api/accounts returns only active tenant accounts","duration":2239.7033000000083,"failureMessages":[],"meta":{},"tags":[]},{"ancestorTitles":["accounts — isolation"],"fullName":"accounts — isolation cross-tenant PATCH by id returns 404","status":"passed","title":"cross-tenant PATCH by id returns 404","duration":2287.177100000001,"failureMessages":[],"meta":{},"tags":[]},{"ancestorTitles":["accounts — isolation"],"fullName":"accounts — isolation cross-tenant DELETE by id returns 404","status":"passed","title":"cross-tenant DELETE by id returns 404","duration":2289.986799999984,"failureMessages":[],"meta":{},"tags":[]},{"ancestorTitles":["accounts — isolation"],"fullName":"accounts — isolation a rejected compatibility-currency write does not affect another tenant","status":"passed","title":"a rejected compatibility-currency write does not affect another tenant","duration":2235.333799999993,"failureMessages":[],"meta":{},"tags":[]},{"ancestorTitles":["accounts — CRUD"],"fullName":"accounts — CRUD GET /api/accounts returns all accounts ordered by code","status":"passed","title":"GET /api/accounts returns all accounts ordered by code","duration":2179.188699999999,"failureMessages":[],"meta":{},"tags":[]},{"ancestorTitles":["accounts — CRUD"],"fullName":"accounts — CRUD POST creates a child account under an existing parent","status":"passed","title":"POST creates a child account under an existing parent","duration":2204.1293000000005,"failureMessages":[],"meta":{},"tags":[]},{"ancestorTitles":["accounts — CRUD"],"fullName":"accounts — CRUD POST inherits the reporting group from its parent","status":"passed","title":"POST inherits the reporting group from its parent","duration":2234.9575999999943,"failureMessages":[],"meta":{},"tags":[]},{"ancestorTitles":["accounts — CRUD"],"fullName":"accounts — CRUD POST 409 code_taken on duplicate code","status":"passed","title":"POST 409 code_taken on duplicate code","duration":2223.417300000001,"failureMessages":[],"meta":{},"tags":[]},{"ancestorTitles":["accounts — CRUD"],"fullName":"accounts — CRUD POST 400 on unknown parent_code","status":"passed","title":"POST 400 on unknown parent_code","duration":2232.0685999999987,"failureMessages":[],"meta":{},"tags":[]},{"ancestorTitles":["accounts — CRUD"],"fullName":"accounts — CRUD POST 400 on type mismatch with parent","status":"passed","title":"POST 400 on type mismatch with parent","duration":2269.5099000000046,"failureMessages":[],"meta":{},"tags":[]},{"ancestorTitles":["accounts — CRUD"],"fullName":"accounts — CRUD POST 400 on invalid code format","status":"passed","title":"POST 400 on invalid code format","duration":2225.9857000000193,"failureMessages":[],"meta":{},"tags":[]},{"ancestorTitles":["accounts — CRUD"],"fullName":"accounts — CRUD POST 400 on empty name","status":"passed","title":"POST 400 on empty name","duration":2306.497100000008,"failureMessages":[],"meta":{},"tags":[]},{"ancestorTitles":["accounts — CRUD"],"fullName":"accounts — CRUD PATCH deactivates an unreferenced account","status":"passed","title":"PATCH deactivates an unreferenced account","duration":2308.6334999999963,"failureMessages":[],"meta":{},"tags":[]},{"ancestorTitles":["accounts — CRUD"],"fullName":"accounts — CRUD PATCH reactivates an account","status":"passed","title":"PATCH reactivates an account","duration":2261.1069000000134,"failureMessages":[],"meta":{},"tags":[]},{"ancestorTitles":["accounts — CRUD"],"fullName":"accounts — CRUD PATCH deactivating a settings-referenced account returns 409 account_in_use","status":"passed","title":"PATCH deactivating a settings-referenced account returns 409 account_in_use","duration":2229.0072999999975,"failureMessages":[],"meta":{},"tags":[]},{"ancestorTitles":["accounts — CRUD"],"fullName":"accounts — CRUD DELETE unused leaf account returns 204","status":"passed","title":"DELETE unused leaf account returns 204","duration":2296.024700000009,"failureMessages":[],"meta":{},"tags":[]},{"ancestorTitles":["accounts — CRUD"],"fullName":"accounts — CRUD DELETE account with children returns 409 account_in_use","status":"passed","title":"DELETE account with children returns 409 account_in_use","duration":2224.104400000011,"failureMessages":[],"meta":{},"tags":[]},{"ancestorTitles":["accounts — CRUD"],"fullName":"accounts — CRUD DELETE settings-referenced account returns 409 account_in_use","status":"passed","title":"DELETE settings-referenced account returns 409 account_in_use","duration":2223.251900000003,"failureMessages":[],"meta":{},"tags":[]},{"ancestorTitles":["accounts — admin gating"],"fullName":"accounts — admin gating GET /api/accounts returns 403 for a plain member (no finance access)","status":"passed","title":"GET /api/accounts returns 403 for a plain member (no finance access)","duration":2252.4530999999843,"failureMessages":[],"meta":{},"tags":[]},{"ancestorTitles":["accounts — admin gating"],"fullName":"accounts — admin gating GET /api/accounts returns 200 for a financial_admin","status":"passed","title":"GET /api/accounts returns 200 for a financial_admin","duration":2143.044799999974,"failureMessages":[],"meta":{},"tags":[]},{"ancestorTitles":["accounts — admin gating"],"fullName":"accounts — admin gating POST /api/accounts returns 403 for plain member","status":"passed","title":"POST /api/accounts returns 403 for plain member","duration":2128.797099999996,"failureMessages":[],"meta":{},"tags":[]},{"ancestorTitles":["accounts — admin gating"],"fullName":"accounts — admin gating PATCH /api/accounts/:id returns 403 for plain member","status":"passed","title":"PATCH /api/accounts/:id returns 403 for plain member","duration":2098.5585999999894,"failureMessages":[],"meta":{},"tags":[]},{"ancestorTitles":["accounts — admin gating"],"fullName":"accounts — admin gating DELETE /api/accounts/:id returns 403 for plain member","status":"passed","title":"DELETE /api/accounts/:id returns 403 for plain member","duration":2163.510900000023,"failureMessages":[],"meta":{},"tags":[]},{"ancestorTitles":["accounts/settings — CRUD"],"fullName":"accounts/settings — CRUD GET /api/accounts/settings returns the settings row","status":"passed","title":"GET /api/accounts/settings returns the settings row","duration":2214.8074999999953,"failureMessages":[],"meta":{},"tags":[]},{"ancestorTitles":["accounts/settings — CRUD"],"fullName":"accounts/settings — CRUD PATCH /api/accounts/settings rejects currency because the profile owns it","status":"passed","title":"PATCH /api/accounts/settings rejects currency because the profile owns it","duration":2211.517300000007,"failureMessages":[],"meta":{},"tags":[]},{"ancestorTitles":["accounts/settings — CRUD"],"fullName":"accounts/settings — CRUD PATCH /api/accounts/settings 400 on unknown code","status":"passed","title":"PATCH /api/accounts/settings 400 on unknown code","duration":2311.266799999983,"failureMessages":[],"meta":{},"tags":[]},{"ancestorTitles":["accounts/settings — CRUD"],"fullName":"accounts/settings — CRUD PATCH /api/accounts/settings 400 on inactive code","status":"passed","title":"PATCH /api/accounts/settings 400 on inactive code","duration":2272.238400000002,"failureMessages":[],"meta":{},"tags":[]},{"ancestorTitles":["accounts/settings — CRUD"],"fullName":"accounts/settings — CRUD PATCH /api/accounts/settings 400 on wrong account type (asset as revenue)","status":"passed","title":"PATCH /api/accounts/settings 400 on wrong account type (asset as revenue)","duration":2287.9077999999863,"failureMessages":[],"meta":{},"tags":[]},{"ancestorTitles":["accounts/settings — CRUD"],"fullName":"accounts/settings — CRUD PATCH /api/accounts/settings 400 on bad currency","status":"passed","title":"PATCH /api/accounts/settings 400 on bad currency","duration":2275.719999999972,"failureMessages":[],"meta":{},"tags":[]},{"ancestorTitles":["accounts/settings — CRUD"],"fullName":"accounts/settings — CRUD PATCH /api/accounts/settings null clears a code","status":"passed","title":"PATCH /api/accounts/settings null clears a code","duration":2228.5161999999837,"failureMessages":[],"meta":{},"tags":[]},{"ancestorTitles":["accounts/settings — CRUD"],"fullName":"accounts/settings — CRUD PATCH /api/accounts/settings updates VAT accounts to valid types","status":"passed","title":"PATCH /api/accounts/settings updates VAT accounts to valid types","duration":2219.4967999999935,"failureMessages":[],"meta":{},"tags":[]},{"ancestorTitles":["accounts/settings — CRUD"],"fullName":"accounts/settings — CRUD rejects assigning a configured VAT control account to another accounting role","status":"passed","title":"rejects assigning a configured VAT control account to another accounting role","duration":2162.4493000000075,"failureMessages":[],"meta":{},"tags":[]},{"ancestorTitles":["accounts/settings — CRUD"],"fullName":"accounts/settings — CRUD enforces VAT control account distinctness at the database boundary","status":"passed","title":"enforces VAT control account distinctness at the database boundary","duration":2178.416100000002,"failureMessages":[],"meta":{},"tags":[]},{"ancestorTitles":["accounts/settings — CRUD"],"fullName":"accounts/settings — CRUD requires the old VAT control account to have a zero balance before reassignment","status":"passed","title":"requires the old VAT control account to have a zero balance before reassignment","duration":2236.722599999979,"failureMessages":[],"meta":{},"tags":[]},{"ancestorTitles":["accounts/settings — CRUD"],"fullName":"accounts/settings — CRUD allows VAT control account reassignment when the old balance is zero","status":"passed","title":"allows VAT control account reassignment when the old balance is zero","duration":2220.616299999994,"failureMessages":[],"meta":{},"tags":[]},{"ancestorTitles":["accounts/settings — CRUD"],"fullName":"accounts/settings — CRUD PATCH /api/accounts/settings updates the reimbursement account to a liability","status":"passed","title":"PATCH /api/accounts/settings updates the reimbursement account to a liability","duration":2173.9911999999895,"failureMessages":[],"meta":{},"tags":[]},{"ancestorTitles":["accounts/settings — CRUD"],"fullName":"accounts/settings — CRUD PATCH /api/accounts/settings 400 when reimbursement account is not a liability","status":"passed","title":"PATCH /api/accounts/settings 400 when reimbursement account is not a liability","duration":2145.8744000000006,"failureMessages":[],"meta":{},"tags":[]},{"ancestorTitles":["accounts/settings — CRUD"],"fullName":"accounts/settings — CRUD PATCH /api/accounts/settings 400 when output VAT is not a liability","status":"passed","title":"PATCH /api/accounts/settings 400 when output VAT is not a liability","duration":2138.0217999999877,"failureMessages":[],"meta":{},"tags":[]},{"ancestorTitles":["accounts/settings — CRUD"],"fullName":"accounts/settings — CRUD PATCH /api/accounts/settings 400 when input VAT is not an asset","status":"passed","title":"PATCH /api/accounts/settings 400 when input VAT is not an asset","duration":2231.0485000000044,"failureMessages":[],"meta":{},"tags":[]},{"ancestorTitles":["accounts/settings — CRUD"],"fullName":"accounts/settings — CRUD PATCH /api/accounts/settings updates the cash account to an asset","status":"passed","title":"PATCH /api/accounts/settings updates the cash account to an asset","duration":2291.29800000001,"failureMessages":[],"meta":{},"tags":[]},{"ancestorTitles":["accounts/settings — CRUD"],"fullName":"accounts/settings — CRUD PATCH /api/accounts/settings 400 when cash account is not an asset","status":"passed","title":"PATCH /api/accounts/settings 400 when cash account is not an asset","duration":2217.419500000018,"failureMessages":[],"meta":{},"tags":[]},{"ancestorTitles":["accounts/settings — CRUD"],"fullName":"accounts/settings — CRUD GET /api/accounts/settings backstop includes VAT defaults when row is missing","status":"passed","title":"GET /api/accounts/settings backstop includes VAT defaults when row is missing","duration":2203.952400000009,"failureMessages":[],"meta":{},"tags":[]},{"ancestorTitles":["accounts/settings — CRUD"],"fullName":"accounts/settings — CRUD PATCH deactivating the cash-referenced account returns 409 account_in_use","status":"passed","title":"PATCH deactivating the cash-referenced account returns 409 account_in_use","duration":2301.2163,"failureMessages":[],"meta":{},"tags":[]},{"ancestorTitles":["accounts/settings — CRUD"],"fullName":"accounts/settings — CRUD PATCH deactivating a VAT-referenced account returns 409 account_in_use","status":"passed","title":"PATCH deactivating a VAT-referenced account returns 409 account_in_use","duration":2243.1414000000223,"failureMessages":[],"meta":{},"tags":[]},{"ancestorTitles":["accounts/settings — CRUD"],"fullName":"accounts/settings — CRUD PATCH deactivating the reimbursement-referenced account returns 409 account_in_use","status":"passed","title":"PATCH deactivating the reimbursement-referenced account returns 409 account_in_use","duration":2234.087200000009,"failureMessages":[],"meta":{},"tags":[]},{"ancestorTitles":["accounts/settings — CRUD"],"fullName":"accounts/settings — CRUD PATCH /api/accounts/settings returns 403 for plain member","status":"passed","title":"PATCH /api/accounts/settings returns 403 for plain member","duration":2166.248200000002,"failureMessages":[],"meta":{},"tags":[]},{"ancestorTitles":["tenant creation — seeds accounts"],"fullName":"tenant creation — seeds accounts POST /api/admin/tenants seeds accounts and settings for the new tenant","status":"passed","title":"POST /api/admin/tenants seeds accounts and settings for the new tenant","duration":2245.6865000000107,"failureMessages":[],"meta":{},"tags":[]}],"startTime":1787408645910,"endTime":1787408870985.6865,"status":"passed","message":"","name":"F:/devprojects/gigbuddy/src/tests/server/accounts.test.js"},{"assertionResults":[{"ancestorTitles":["GET /api/achievements"],"fullName":"GET /api/achievements returns every definition with shape and unlocks the baseline set for a fresh tenant","status":"passed","title":"returns every definition with shape and unlocks the baseline set for a fresh tenant","duration":6858.853099999999,"failureMessages":[],"meta":{},"tags":[]},{"ancestorTitles":["GET /api/achievements"],"fullName":"GET /api/achievements unlocks and persists when a goal is met","status":"passed","title":"unlocks and persists when a goal is met","duration":6378.0903,"failureMessages":[],"meta":{},"tags":[]},{"ancestorTitles":["GET /api/achievements"],"fullName":"GET /api/achievements does not unlock tenant B achievements from tenant A data (tenant isolation)","status":"passed","title":"does not unlock tenant B achievements from tenant A data (tenant isolation)","duration":6160.676099999999,"failureMessages":[],"meta":{},"tags":[]},{"ancestorTitles":["GET /api/achievements"],"fullName":"GET /api/achievements keeps an unlock permanent after the qualifying data disappears","status":"passed","title":"keeps an unlock permanent after the qualifying data disappears","duration":6553.2958000000035,"failureMessages":[],"meta":{},"tags":[]},{"ancestorTitles":["GET /api/achievements"],"fullName":"GET /api/achievements is idempotent: repeated reads keep one row and one timestamp per unlock","status":"passed","title":"is idempotent: repeated reads keep one row and one timestamp per unlock","duration":6407.570599999999,"failureMessages":[],"meta":{},"tags":[]},{"ancestorTitles":["GET /api/achievements"],"fullName":"GET /api/achievements unlocks the profile meta-achievement in the same pass as its last prerequisite","status":"passed","title":"unlocks the profile meta-achievement in the same pass as its last prerequisite","duration":6484.938300000002,"failureMessages":[],"meta":{},"tags":[]},{"ancestorTitles":["GET /api/achievements"],"fullName":"GET /api/achievements counts only completed months for finance goals and ignores voided ledger entries","status":"passed","title":"counts only completed months for finance goals and ignores voided ledger entries","duration":7316.3315,"failureMessages":[],"meta":{},"tags":[]},{"ancestorTitles":["GET /api/achievements"],"fullName":"GET /api/achievements unlocks the personal-note and configured-integration achievements","status":"passed","title":"unlocks the personal-note and configured-integration achievements","duration":7425.218099999998,"failureMessages":[],"meta":{},"tags":[]},{"ancestorTitles":["GET /api/achievements"],"fullName":"GET /api/achievements does not unlock note or integration achievements from another tenant's data","status":"passed","title":"does not unlock note or integration achievements from another tenant's data","duration":6536.910500000005,"failureMessages":[],"meta":{},"tags":[]},{"ancestorTitles":["GET /api/achievements"],"fullName":"GET /api/achievements suppresses notifications on the baseline pass but notifies later unlocks","status":"passed","title":"suppresses notifications on the baseline pass but notifies later unlocks","duration":6194.855600000003,"failureMessages":[],"meta":{},"tags":[]},{"ancestorTitles":["GET /api/achievements"],"fullName":"GET /api/achievements unlocks the song cover, link and recording achievements only for the owning tenant","status":"passed","title":"unlocks the song cover, link and recording achievements only for the owning tenant","duration":6631.178799999994,"failureMessages":[],"meta":{},"tags":[]},{"ancestorTitles":["GET /api/achievements"],"fullName":"GET /api/achievements rejects unauthenticated requests","status":"passed","title":"rejects unauthenticated requests","duration":6956.0628,"failureMessages":[],"meta":{},"tags":[]},{"ancestorTitles":["achievement definitions registry"],"fullName":"achievement definitions registry defines the new achievements with their canonical titles and cheers","status":"passed","title":"defines the new achievements with their canonical titles and cheers","duration":6285.753299999997,"failureMessages":[],"meta":{},"tags":[]},{"ancestorTitles":["achievement definitions registry"],"fullName":"achievement definitions registry defines the song media achievements with their canonical titles and cheers","status":"passed","title":"defines the song media achievements with their canonical titles and cheers","duration":6481.690000000002,"failureMessages":[],"meta":{},"tags":[]},{"ancestorTitles":["achievement definitions registry"],"fullName":"achievement definitions registry has unique keys, valid categories, and cheers between 1 and 10","status":"passed","title":"has unique keys, valid categories, and cheers between 1 and 10","duration":6389.9807,"failureMessages":[],"meta":{},"tags":[]},{"ancestorTitles":["achievement definitions registry"],"fullName":"achievement definitions registry has en i18n copy for every achievement key","status":"passed","title":"has en i18n copy for every achievement key","duration":5988.660499999998,"failureMessages":[],"meta":{},"tags":[]},{"ancestorTitles":["achievements by tenant kind"],"fullName":"achievements by tenant kind serves a personal workspace only personal definitions","status":"passed","title":"serves a personal workspace only personal definitions","duration":6751.743000000002,"failureMessages":[],"meta":{},"tags":[]},{"ancestorTitles":["achievements by tenant kind"],"fullName":"achievements by tenant kind never shows a personal definition in a band","status":"passed","title":"never shows a personal definition in a band","duration":6553.731899999999,"failureMessages":[],"meta":{},"tags":[]},{"ancestorTitles":["achievements by tenant kind"],"fullName":"achievements by tenant kind counts the unlocked denominator against the kind's own catalogue","status":"passed","title":"counts the unlocked denominator against the kind's own catalogue","duration":6236.188799999989,"failureMessages":[],"meta":{},"tags":[]},{"ancestorTitles":["achievements by tenant kind"],"fullName":"achievements by tenant kind unlocks a personal achievement from the workspace's own data","status":"passed","title":"unlocks a personal achievement from the workspace's own data","duration":6452.067899999995,"failureMessages":[],"meta":{},"tags":[]},{"ancestorTitles":["achievements by tenant kind"],"fullName":"achievements by tenant kind keeps a personal unlock after its facts shrink","status":"passed","title":"keeps a personal unlock after its facts shrink","duration":6285.6538,"failureMessages":[],"meta":{},"tags":[]}],"startTime":1787409768443,"endTime":1787409905772.6538,"status":"passed","message":"","name":"F:/devprojects/gigbuddy/src/tests/server/achievements.test.js"},{"assertionResults":[{"ancestorTitles":["/api/users — tenant-scoped membership ops"],"fullName":"/api/users — tenant-scoped membership ops GET / returns memberships only for the active tenant","status":"passed","title":"GET / returns memberships only for the active tenant","duration":2343.4755,"failureMessages":[],"meta":{},"tags":[]},{"ancestorTitles":["/api/users — tenant-scoped membership ops"],"fullName":"/api/users — tenant-scoped membership ops PATCH /:userId/membership approves a pending member in active tenant only","status":"passed","title":"PATCH /:userId/membership approves a pending member in active tenant only","duration":2252.9898000000003,"failureMessages":[],"meta":{},"tags":[]},{"ancestorTitles":["/api/users — tenant-scoped membership ops"],"fullName":"/api/users — tenant-scoped membership ops PATCH /:userId/membership across tenants → 404","status":"passed","title":"PATCH /:userId/membership across tenants → 404","duration":2257.2448999999997,"failureMessages":[],"meta":{},"tags":[]},{"ancestorTitles":["/api/users — tenant-scoped membership ops"],"fullName":"/api/users — tenant-scoped membership ops tenant_admin cannot grant tenant_admin role","status":"passed","title":"tenant_admin cannot grant tenant_admin role","duration":2200.7418,"failureMessages":[],"meta":{},"tags":[]},{"ancestorTitles":["/api/users — tenant-scoped membership ops"],"fullName":"/api/users — tenant-scoped membership ops super admin can grant tenant_admin role","status":"passed","title":"super admin can grant tenant_admin role","duration":2236.8228,"failureMessages":[],"meta":{},"tags":[]},{"ancestorTitles":["/api/users — tenant-scoped membership ops"],"fullName":"/api/users — tenant-scoped membership ops tenant_admin cannot approve a pending tenant_admin membership","status":"passed","title":"tenant_admin cannot approve a pending tenant_admin membership","duration":2149.1937,"failureMessages":[],"meta":{},"tags":[]},{"ancestorTitles":["/api/users — tenant-scoped membership ops"],"fullName":"/api/users — tenant-scoped membership ops super admin can approve a pending tenant_admin membership","status":"passed","title":"super admin can approve a pending tenant_admin membership","duration":2112.8750999999993,"failureMessages":[],"meta":{},"tags":[]},{"ancestorTitles":["/api/users — tenant-scoped membership ops"],"fullName":"/api/users — tenant-scoped membership ops tenant_admin can still approve a pending contributor-role membership","status":"passed","title":"tenant_admin can still approve a pending contributor-role membership","duration":2115.2226999999984,"failureMessages":[],"meta":{},"tags":[]},{"ancestorTitles":["/api/users — tenant-scoped membership ops"],"fullName":"/api/users — tenant-scoped membership ops tenant_admin cannot remove a super admin membership","status":"passed","title":"tenant_admin cannot remove a super admin membership","duration":2238.2883,"failureMessages":[],"meta":{},"tags":[]},{"ancestorTitles":["/api/users — tenant-scoped membership ops"],"fullName":"/api/users — tenant-scoped membership ops DELETE /:userId removes membership only in active tenant","status":"passed","title":"DELETE /:userId removes membership only in active tenant","duration":2191.5094000000026,"failureMessages":[],"meta":{},"tags":[]},{"ancestorTitles":["/api/users — tenant-scoped membership ops"],"fullName":"/api/users — tenant-scoped membership ops PATCH /:userId/band-member links a band_member in active tenant","status":"passed","title":"PATCH /:userId/band-member links a band_member in active tenant","duration":2263.2812999999987,"failureMessages":[],"meta":{},"tags":[]},{"ancestorTitles":["/api/users — tenant-scoped membership ops"],"fullName":"/api/users — tenant-scoped membership ops PATCH /:userId/band-member rejects a band_member from another tenant","status":"passed","title":"PATCH /:userId/band-member rejects a band_member from another tenant","duration":2268.399300000001,"failureMessages":[],"meta":{},"tags":[]},{"ancestorTitles":["/api/users — tenant-scoped membership ops"],"fullName":"/api/users — tenant-scoped membership ops PATCH /:userId/band-member does not clear the existing link when the target is missing","status":"passed","title":"PATCH /:userId/band-member does not clear the existing link when the target is missing","duration":2269.0852000000014,"failureMessages":[],"meta":{},"tags":[]},{"ancestorTitles":["/api/users — tenant-scoped membership ops"],"fullName":"/api/users — tenant-scoped membership ops PATCH /:userId/band-member returns 400 for a non-numeric userId","status":"passed","title":"PATCH /:userId/band-member returns 400 for a non-numeric userId","duration":2281.745500000001,"failureMessages":[],"meta":{},"tags":[]},{"ancestorTitles":["/api/invites/redeem"],"fullName":"/api/invites/redeem claims an invite once before creating membership","status":"passed","title":"claims an invite once before creating membership","duration":2288.9073999999964,"failureMessages":[],"meta":{},"tags":[]},{"ancestorTitles":["/api/admin/tenants — super admin only"],"fullName":"/api/admin/tenants — super admin only GET / requires super admin","status":"passed","title":"GET / requires super admin","duration":2233.555499999995,"failureMessages":[],"meta":{},"tags":[]},{"ancestorTitles":["/api/admin/tenants — super admin only"],"fullName":"/api/admin/tenants — super admin only get /api/admin/tenants/not-a-number rejects an invalid tenant id","status":"passed","title":"get /api/admin/tenants/not-a-number rejects an invalid tenant id","duration":2219.330600000001,"failureMessages":[],"meta":{},"tags":[]},{"ancestorTitles":["/api/admin/tenants — super admin only"],"fullName":"/api/admin/tenants — super admin only patch /api/admin/tenants/not-a-number rejects an invalid tenant id","status":"passed","title":"patch /api/admin/tenants/not-a-number rejects an invalid tenant id","duration":2188.979800000001,"failureMessages":[],"meta":{},"tags":[]},{"ancestorTitles":["/api/admin/tenants — super admin only"],"fullName":"/api/admin/tenants — super admin only post /api/admin/tenants/not-a-number/admins rejects an invalid tenant id","status":"passed","title":"post /api/admin/tenants/not-a-number/admins rejects an invalid tenant id","duration":2142.4075999999986,"failureMessages":[],"meta":{},"tags":[]},{"ancestorTitles":["/api/admin/tenants — super admin only"],"fullName":"/api/admin/tenants — super admin only post /api/admin/tenants/not-a-number/memberships rejects an invalid tenant id","status":"passed","title":"post /api/admin/tenants/not-a-number/memberships rejects an invalid tenant id","duration":2222.535499999998,"failureMessages":[],"meta":{},"tags":[]},{"ancestorTitles":["/api/admin/tenants — super admin only"],"fullName":"/api/admin/tenants — super admin only delete /api/admin/tenants/not-a-number/admins/1 rejects an invalid tenant id","status":"passed","title":"delete /api/admin/tenants/not-a-number/admins/1 rejects an invalid tenant id","duration":2201.091100000005,"failureMessages":[],"meta":{},"tags":[]},{"ancestorTitles":["/api/admin/tenants — super admin only"],"fullName":"/api/admin/tenants — super admin only post /api/admin/tenants/not-a-number/archive rejects an invalid tenant id","status":"passed","title":"post /api/admin/tenants/not-a-number/archive rejects an invalid tenant id","duration":2165.9864000000016,"failureMessages":[],"meta":{},"tags":[]},{"ancestorTitles":["/api/admin/tenants — super admin only"],"fullName":"/api/admin/tenants — super admin only post /api/admin/tenants/not-a-number/unarchive rejects an invalid tenant id","status":"passed","title":"post /api/admin/tenants/not-a-number/unarchive rejects an invalid tenant id","duration":2127.717000000004,"failureMessages":[],"meta":{},"tags":[]},{"ancestorTitles":["/api/admin/tenants — super admin only"],"fullName":"/api/admin/tenants — super admin only delete /api/admin/tenants/not-a-number rejects an invalid tenant id","status":"passed","title":"delete /api/admin/tenants/not-a-number rejects an invalid tenant id","duration":2147.0515000000014,"failureMessages":[],"meta":{},"tags":[]},{"ancestorTitles":["/api/admin/tenants — super admin only"],"fullName":"/api/admin/tenants — super admin only DELETE /:id/admins/:userId rejects an invalid user id","status":"passed","title":"DELETE /:id/admins/:userId rejects an invalid user id","duration":2277.8513999999996,"failureMessages":[],"meta":{},"tags":[]},{"ancestorTitles":["/api/admin/tenants — super admin only"],"fullName":"/api/admin/tenants — super admin only never returns encrypted credential fields","status":"passed","title":"never returns encrypted credential fields","duration":2282.1777999999977,"failureMessages":[],"meta":{},"tags":[]},{"ancestorTitles":["/api/admin/tenants — super admin only"],"fullName":"/api/admin/tenants — super admin only super admin can list, create, archive, unarchive tenants","status":"passed","title":"super admin can list, create, archive, unarchive tenants","duration":2270.3531000000003,"failureMessages":[],"meta":{},"tags":[]},{"ancestorTitles":["/api/admin/tenants — super admin only"],"fullName":"/api/admin/tenants — super admin only rejects invalid slug","status":"passed","title":"rejects invalid slug","duration":2228.1612000000023,"failureMessages":[],"meta":{},"tags":[]},{"ancestorTitles":["/api/admin/tenants — super admin only"],"fullName":"/api/admin/tenants — super admin only duplicate slug → 409","status":"passed","title":"duplicate slug → 409","duration":2251.1698999999935,"failureMessages":[],"meta":{},"tags":[]},{"ancestorTitles":["/api/admin/tenants — super admin only"],"fullName":"/api/admin/tenants — super admin only POST /:id/admins assigns tenant_admin to a user (creates approved membership)","status":"passed","title":"POST /:id/admins assigns tenant_admin to a user (creates approved membership)","duration":2304.1033000000025,"failureMessages":[],"meta":{},"tags":[]},{"ancestorTitles":["/api/admin/tenants — super admin only"],"fullName":"/api/admin/tenants — super admin only POST / accepts adminUserId to seed a different tenant_admin","status":"passed","title":"POST / accepts adminUserId to seed a different tenant_admin","duration":2196.5705000000016,"failureMessages":[],"meta":{},"tags":[]},{"ancestorTitles":["/api/admin/tenants — super admin only"],"fullName":"/api/admin/tenants — super admin only POST / with adminUserId: null skips the seed membership","status":"passed","title":"POST / with adminUserId: null skips the seed membership","duration":2249.770000000004,"failureMessages":[],"meta":{},"tags":[]},{"ancestorTitles":["/api/admin/tenants — super admin only"],"fullName":"/api/admin/tenants — super admin only POST /:id/memberships grants a contributor-role membership directly","status":"passed","title":"POST /:id/memberships grants a contributor-role membership directly","duration":2207.367400000003,"failureMessages":[],"meta":{},"tags":[]},{"ancestorTitles":["/api/admin/tenants — super admin only"],"fullName":"/api/admin/tenants — super admin only POST /:id/memberships upserts existing membership and can promote role","status":"passed","title":"POST /:id/memberships upserts existing membership and can promote role","duration":2147.001799999998,"failureMessages":[],"meta":{},"tags":[]},{"ancestorTitles":["/api/admin/tenants — super admin only"],"fullName":"/api/admin/tenants — super admin only POST /:id/memberships rejects an archived tenant","status":"passed","title":"POST /:id/memberships rejects an archived tenant","duration":2154.8255000000063,"failureMessages":[],"meta":{},"tags":[]},{"ancestorTitles":["/api/admin/tenants — super admin only"],"fullName":"/api/admin/tenants — super admin only POST /:id/memberships rejects invalid role","status":"passed","title":"POST /:id/memberships rejects invalid role","duration":2134.174100000004,"failureMessages":[],"meta":{},"tags":[]},{"ancestorTitles":["/api/admin/tenants — super admin only"],"fullName":"/api/admin/tenants — super admin only DELETE /:id/admins/:userId demotes to contributor","status":"passed","title":"DELETE /:id/admins/:userId demotes to contributor","duration":2180.9893999999913,"failureMessages":[],"meta":{},"tags":[]},{"ancestorTitles":["/api/admin/users — super admin only"],"fullName":"/api/admin/users — super admin only GET / requires super admin","status":"passed","title":"GET / requires super admin","duration":2251.462499999994,"failureMessages":[],"meta":{},"tags":[]},{"ancestorTitles":["/api/admin/users — super admin only"],"fullName":"/api/admin/users — super admin only GET / lists all users with memberships","status":"passed","title":"GET / lists all users with memberships","duration":2262.1986000000034,"failureMessages":[],"meta":{},"tags":[]},{"ancestorTitles":["/api/admin/users — super admin only"],"fullName":"/api/admin/users — super admin only DELETE /:id hard-deletes a user","status":"passed","title":"DELETE /:id hard-deletes a user","duration":2286.548600000009,"failureMessages":[],"meta":{},"tags":[]},{"ancestorTitles":["/api/admin/users — super admin only"],"fullName":"/api/admin/users — super admin only DELETE rejects deleting self","status":"passed","title":"DELETE rejects deleting self","duration":2278.758799999996,"failureMessages":[],"meta":{},"tags":[]},{"ancestorTitles":["/api/admin/users — super admin only"],"fullName":"/api/admin/users — super admin only DELETE rejects invalid ids","status":"passed","title":"DELETE rejects invalid ids","duration":2220.1540000000095,"failureMessages":[],"meta":{},"tags":[]},{"ancestorTitles":["/api/admin/users — super admin only"],"fullName":"/api/admin/users — super admin only DELETE rejects deleting the bootstrap ADMIN_EMAIL user","status":"passed","title":"DELETE rejects deleting the bootstrap ADMIN_EMAIL user","duration":2295.959600000002,"failureMessages":[],"meta":{},"tags":[]},{"ancestorTitles":["Archived tenants"],"fullName":"Archived tenants resolveTenantId rejects an existing approved member of an archived tenant","status":"passed","title":"resolveTenantId rejects an existing approved member of an archived tenant","duration":2292.1497999999992,"failureMessages":[],"meta":{},"tags":[]},{"ancestorTitles":["Archived tenants"],"fullName":"Archived tenants /auth/me hides archived tenants from memberships and clears active selection if archived","status":"passed","title":"/auth/me hides archived tenants from memberships and clears active selection if archived","duration":2162.400099999999,"failureMessages":[],"meta":{},"tags":[]},{"ancestorTitles":["Archived tenants"],"fullName":"Archived tenants /auth/me leaves activeTenantId null when all memberships are in archived tenants","status":"passed","title":"/auth/me leaves activeTenantId null when all memberships are in archived tenants","duration":2226.907800000001,"failureMessages":[],"meta":{},"tags":[]},{"ancestorTitles":["Archived tenants"],"fullName":"Archived tenants /auth/active-tenant rejects switching to an archived tenant","status":"passed","title":"/auth/active-tenant rejects switching to an archived tenant","duration":2217.576000000001,"failureMessages":[],"meta":{},"tags":[]}],"startTime":1787408798590,"endTime":1787408903088.576,"status":"passed","message":"","name":"F:/devprojects/gigbuddy/src/tests/server/admin.test.js"},{"assertionResults":[{"ancestorTitles":["authorization"],"fullName":"authorization refuses every route to a non-super-admin","status":"passed","title":"refuses every route to a non-super-admin","duration":2311.1563000000006,"failureMessages":[],"meta":{},"tags":[]},{"ancestorTitles":["unclaimed profiles"],"fullName":"unclaimed profiles returns current unclaimed profiles with member counts and excludes claimed profiles","status":"passed","title":"returns current unclaimed profiles with member counts and excludes claimed profiles","duration":2277.7555999999995,"failureMessages":[],"meta":{},"tags":[]},{"ancestorTitles":["unclaimed profiles"],"fullName":"unclaimed profiles paginates profiles without duplicates and keeps the full total","status":"passed","title":"paginates profiles without duplicates and keeps the full total","duration":2285.932100000001,"failureMessages":[],"meta":{},"tags":[]},{"ancestorTitles":["unclaimed profiles"],"fullName":"unclaimed profiles rejects malformed pagination input","status":"passed","title":"rejects malformed pagination input","duration":2212.7194999999992,"failureMessages":[],"meta":{},"tags":[]},{"ancestorTitles":["deleting an unclaimed profile"],"fullName":"deleting an unclaimed profile removes it from every collection and unlinks their events","status":"passed","title":"removes it from every collection and unlinks their events","duration":2225.1707000000006,"failureMessages":[],"meta":{},"tags":[]},{"ancestorTitles":["deleting an unclaimed profile"],"fullName":"deleting an unclaimed profile refuses while a claim is pending","status":"passed","title":"refuses while a claim is pending","duration":2235.383,"failureMessages":[],"meta":{},"tags":[]},{"ancestorTitles":["deleting an unclaimed profile"],"fullName":"deleting an unclaimed profile refuses a profile a band has already been granted","status":"passed","title":"refuses a profile a band has already been granted","duration":2221.923300000002,"failureMessages":[],"meta":{},"tags":[]},{"ancestorTitles":["deleting an unclaimed profile"],"fullName":"deleting an unclaimed profile keeps a decided claim readable after its profile is deleted","status":"passed","title":"keeps a decided claim readable after its profile is deleted","duration":2198.110200000003,"failureMessages":[],"meta":{},"tags":[]},{"ancestorTitles":["deleting an unclaimed profile"],"fullName":"deleting an unclaimed profile 404s an unknown profile","status":"passed","title":"404s an unknown profile","duration":2662.1627999999982,"failureMessages":[],"meta":{},"tags":[]},{"ancestorTitles":["the queue"],"fullName":"the queue shows the claim with the requester and the claiming band socials","status":"passed","title":"shows the claim with the requester and the claiming band socials","duration":3232.653000000002,"failureMessages":[],"meta":{},"tags":[]},{"ancestorTitles":["the queue"],"fullName":"the queue shows who uses the profile and whether they belong to the claiming band","status":"passed","title":"shows who uses the profile and whether they belong to the claiming band","duration":3173.930199999999,"failureMessages":[],"meta":{},"tags":[]},{"ancestorTitles":["the queue"],"fullName":"the queue pages claims created on the same day exactly once each","status":"passed","title":"pages claims created on the same day exactly once each","duration":3261.1684000000023,"failureMessages":[],"meta":{},"tags":[]},{"ancestorTitles":["the queue"],"fullName":"the queue pages decided history too, not just pending","status":"passed","title":"pages decided history too, not just pending","duration":3171.503200000003,"failureMessages":[],"meta":{},"tags":[]},{"ancestorTitles":["the queue"],"fullName":"the queue rejects a malformed cursor rather than silently starting over","status":"passed","title":"rejects a malformed cursor rather than silently starting over","duration":3224.982600000003,"failureMessages":[],"meta":{},"tags":[]},{"ancestorTitles":["approval"],"fullName":"approval claims the profile and keeps holders and their event links","status":"passed","title":"claims the profile and keeps holders and their event links","duration":3281.266300000003,"failureMessages":[],"meta":{},"tags":[]},{"ancestorTitles":["approval"],"fullName":"approval claims a profile nobody holds any more rather than removing it","status":"passed","title":"claims a profile nobody holds any more rather than removing it","duration":3146.237200000003,"failureMessages":[],"meta":{},"tags":[]},{"ancestorTitles":["approval"],"fullName":"approval keeps the decided claim readable after the profile is gone","status":"passed","title":"keeps the decided claim readable after the profile is gone","duration":3173.1049000000057,"failureMessages":[],"meta":{},"tags":[]},{"ancestorTitles":["approval"],"fullName":"approval tells every holder the band is on gigbuddy, and nobody else","status":"passed","title":"tells every holder the band is on gigbuddy, and nobody else","duration":3247.5585999999967,"failureMessages":[],"meta":{},"tags":[]},{"ancestorTitles":["approval"],"fullName":"approval refuses when the claiming band was archived meanwhile, writing nothing","status":"passed","title":"refuses when the claiming band was archived meanwhile, writing nothing","duration":3149.2302000000054,"failureMessages":[],"meta":{},"tags":[]},{"ancestorTitles":["approval"],"fullName":"approval refuses a claim that was already decided","status":"passed","title":"refuses a claim that was already decided","duration":3210.880599999997,"failureMessages":[],"meta":{},"tags":[]},{"ancestorTitles":["approval"],"fullName":"approval 404s an unknown claim","status":"passed","title":"404s an unknown claim","duration":3129.781600000002,"failureMessages":[],"meta":{},"tags":[]},{"ancestorTitles":["rejection"],"fullName":"rejection requires a reason","status":"passed","title":"requires a reason","duration":3112.3994999999995,"failureMessages":[],"meta":{},"tags":[]},{"ancestorTitles":["rejection"],"fullName":"rejection frees the profile to be claimed again","status":"passed","title":"frees the profile to be claimed again","duration":3094.9690000000046,"failureMessages":[],"meta":{},"tags":[]},{"ancestorTitles":["rejection"],"fullName":"rejection notifies only the claiming band","status":"passed","title":"notifies only the claiming band","duration":3343.762499999997,"failureMessages":[],"meta":{},"tags":[]}],"startTime":1787408943818,"endTime":1787409012402.7625,"status":"passed","message":"","name":"F:/devprojects/gigbuddy/src/tests/server/adminBandProfileClaims.test.js"},{"assertionResults":[{"ancestorTitles":["shared/entitlements validateEntitlements"],"fullName":"shared/entitlements validateEntitlements accepts a complete entitlements object","status":"passed","title":"accepts a complete entitlements object","duration":6090.7387,"failureMessages":[],"meta":{},"tags":[]},{"ancestorTitles":["shared/entitlements validateEntitlements"],"fullName":"shared/entitlements validateEntitlements accepts null limits as unlimited","status":"passed","title":"accepts null limits as unlimited","duration":6305.4444,"failureMessages":[],"meta":{},"tags":[]},{"ancestorTitles":["shared/entitlements validateEntitlements"],"fullName":"shared/entitlements validateEntitlements rejects a missing feature key","status":"passed","title":"rejects a missing feature key","duration":6359.669999999998,"failureMessages":[],"meta":{},"tags":[]},{"ancestorTitles":["shared/entitlements validateEntitlements"],"fullName":"shared/entitlements validateEntitlements rejects a missing limit key","status":"passed","title":"rejects a missing limit key","duration":6364.952499999999,"failureMessages":[],"meta":{},"tags":[]},{"ancestorTitles":["shared/entitlements validateEntitlements"],"fullName":"shared/entitlements validateEntitlements rejects unknown keys at every level","status":"passed","title":"rejects unknown keys at every level","duration":6868.281599999998,"failureMessages":[],"meta":{},"tags":[]},{"ancestorTitles":["shared/entitlements validateEntitlements"],"fullName":"shared/entitlements validateEntitlements rejects invalid value types","status":"passed","title":"rejects invalid value types","duration":6724.567599999995,"failureMessages":[],"meta":{},"tags":[]},{"ancestorTitles":["seeded default plans"],"fullName":"seeded default plans seeds both ladders, band first, ranked within each","status":"passed","title":"seeds both ladders, band first, ranked within each","duration":6086.0337,"failureMessages":[],"meta":{},"tags":[]},{"ancestorTitles":["seeded default plans"],"fullName":"seeded default plans artist_gold owns no band and does not advertise the band-only link page","status":"passed","title":"artist_gold owns no band and does not advertise the band-only link page","duration":6314.617200000001,"failureMessages":[],"meta":{},"tags":[]},{"ancestorTitles":["seeded default plans"],"fullName":"seeded default plans bronze is the active, free fallback plan","status":"passed","title":"bronze is the active, free fallback plan","duration":6430.081000000006,"failureMessages":[],"meta":{},"tags":[]},{"ancestorTitles":["seeded default plans"],"fullName":"seeded default plans seeds Band Silver as selectable while Gold remains admin-priced","status":"passed","title":"seeds Band Silver as selectable while Gold remains admin-priced","duration":6138.877499999995,"failureMessages":[],"meta":{},"tags":[]},{"ancestorTitles":["seeded default plans"],"fullName":"seeded default plans every seeded plan carries complete, valid entitlements","status":"passed","title":"every seeded plan carries complete, valid entitlements","duration":6876.696199999991,"failureMessages":[],"meta":{},"tags":[]},{"ancestorTitles":["seeded default plans"],"fullName":"seeded default plans gold has unlimited members and bands, silver caps bands at 3","status":"passed","title":"gold has unlimited members and bands, silver caps bands at 3","duration":6351.832399999999,"failureMessages":[],"meta":{},"tags":[]},{"ancestorTitles":["authorization"],"fullName":"authorization rejects non-super-admin users on every plan endpoint","status":"passed","title":"rejects non-super-admin users on every plan endpoint","duration":6216.868199999997,"failureMessages":[],"meta":{},"tags":[]},{"ancestorTitles":["POST /api/admin/plans"],"fullName":"POST /api/admin/plans creates a paid plan","status":"passed","title":"creates a paid plan","duration":6341.276199999993,"failureMessages":[],"meta":{},"tags":[]},{"ancestorTitles":["POST /api/admin/plans"],"fullName":"POST /api/admin/plans creates an unpriced plan (NULL prices allowed)","status":"passed","title":"creates an unpriced plan (NULL prices allowed)","duration":5838.3033,"failureMessages":[],"meta":{},"tags":[]},{"ancestorTitles":["POST /api/admin/plans"],"fullName":"POST /api/admin/plans rejects an invalid slug","status":"passed","title":"rejects an invalid slug","duration":6499.086199999991,"failureMessages":[],"meta":{},"tags":[]},{"ancestorTitles":["POST /api/admin/plans"],"fullName":"POST /api/admin/plans rejects a missing name","status":"passed","title":"rejects a missing name","duration":6789.970300000001,"failureMessages":[],"meta":{},"tags":[]},{"ancestorTitles":["POST /api/admin/plans"],"fullName":"POST /api/admin/plans 409s on a duplicate slug","status":"passed","title":"409s on a duplicate slug","duration":5999.259300000005,"failureMessages":[],"meta":{},"tags":[]},{"ancestorTitles":["POST /api/admin/plans"],"fullName":"POST /api/admin/plans rejects a price of 0 — only the fallback plan may be free","status":"passed","title":"rejects a price of 0 — only the fallback plan may be free","duration":6366.696800000005,"failureMessages":[],"meta":{},"tags":[]},{"ancestorTitles":["POST /api/admin/plans"],"fullName":"POST /api/admin/plans rejects negative and non-integer prices","status":"passed","title":"rejects negative and non-integer prices","duration":6301.700200000007,"failureMessages":[],"meta":{},"tags":[]},{"ancestorTitles":["POST /api/admin/plans"],"fullName":"POST /api/admin/plans rejects incomplete or invalid entitlements","status":"passed","title":"rejects incomplete or invalid entitlements","duration":6212.828200000004,"failureMessages":[],"meta":{},"tags":[]},{"ancestorTitles":["POST /api/admin/plans"],"fullName":"POST /api/admin/plans rejects creating a plan as fallback — the fallback designation is fixed","status":"passed","title":"rejects creating a plan as fallback — the fallback designation is fixed","duration":6710.672599999991,"failureMessages":[],"meta":{},"tags":[]},{"ancestorTitles":["PATCH /api/admin/plans/:id"],"fullName":"PATCH /api/admin/plans/:id sets prices on an unpriced plan (making it available)","status":"passed","title":"sets prices on an unpriced plan (making it available)","duration":6637.954400000017,"failureMessages":[],"meta":{},"tags":[]},{"ancestorTitles":["PATCH /api/admin/plans/:id"],"fullName":"PATCH /api/admin/plans/:id can make an interval unavailable again (price back to NULL)","status":"passed","title":"can make an interval unavailable again (price back to NULL)","duration":6187.378100000002,"failureMessages":[],"meta":{},"tags":[]},{"ancestorTitles":["PATCH /api/admin/plans/:id"],"fullName":"PATCH /api/admin/plans/:id renames and deactivates a non-fallback plan","status":"passed","title":"renames and deactivates a non-fallback plan","duration":6405.622900000017,"failureMessages":[],"meta":{},"tags":[]},{"ancestorTitles":["PATCH /api/admin/plans/:id"],"fullName":"PATCH /api/admin/plans/:id replaces entitlements when the replacement is complete","status":"passed","title":"replaces entitlements when the replacement is complete","duration":6355.47040000002,"failureMessages":[],"meta":{},"tags":[]},{"ancestorTitles":["PATCH /api/admin/plans/:id"],"fullName":"PATCH /api/admin/plans/:id rejects incomplete entitlements on update","status":"passed","title":"rejects incomplete entitlements on update","duration":6388.064600000012,"failureMessages":[],"meta":{},"tags":[]},{"ancestorTitles":["PATCH /api/admin/plans/:id"],"fullName":"PATCH /api/admin/plans/:id rejects a price of 0 on a non-fallback plan","status":"passed","title":"rejects a price of 0 on a non-fallback plan","duration":6988.8086000000185,"failureMessages":[],"meta":{},"tags":[]},{"ancestorTitles":["PATCH /api/admin/plans/:id"],"fullName":"PATCH /api/admin/plans/:id protects the fallback plan: no rename, no slug change, no deactivation","status":"passed","title":"protects the fallback plan: no rename, no slug change, no deactivation","duration":6284.2311000000045,"failureMessages":[],"meta":{},"tags":[]},{"ancestorTitles":["PATCH /api/admin/plans/:id"],"fullName":"PATCH /api/admin/plans/:id protects the fallback plan: prices must stay 0","status":"passed","title":"protects the fallback plan: prices must stay 0","duration":6310.323599999974,"failureMessages":[],"meta":{},"tags":[]},{"ancestorTitles":["PATCH /api/admin/plans/:id"],"fullName":"PATCH /api/admin/plans/:id allows editing fallback entitlements as long as they stay complete","status":"passed","title":"allows editing fallback entitlements as long as they stay complete","duration":6249.299499999994,"failureMessages":[],"meta":{},"tags":[]},{"ancestorTitles":["PATCH /api/admin/plans/:id"],"fullName":"PATCH /api/admin/plans/:id rejects changing the fallback designation in either direction","status":"passed","title":"rejects changing the fallback designation in either direction","duration":6035.880900000018,"failureMessages":[],"meta":{},"tags":[]},{"ancestorTitles":["PATCH /api/admin/plans/:id"],"fullName":"PATCH /api/admin/plans/:id 404s on an unknown plan id","status":"passed","title":"404s on an unknown plan id","duration":6805.115600000019,"failureMessages":[],"meta":{},"tags":[]},{"ancestorTitles":["DELETE /api/admin/plans/:id"],"fullName":"DELETE /api/admin/plans/:id deletes a non-fallback plan","status":"passed","title":"deletes a non-fallback plan","duration":6647.420299999998,"failureMessages":[],"meta":{},"tags":[]},{"ancestorTitles":["DELETE /api/admin/plans/:id"],"fullName":"DELETE /api/admin/plans/:id refuses to delete the fallback plan","status":"passed","title":"refuses to delete the fallback plan","duration":5985.657800000015,"failureMessages":[],"meta":{},"tags":[]},{"ancestorTitles":["DELETE /api/admin/plans/:id"],"fullName":"DELETE /api/admin/plans/:id 404s on an unknown plan id","status":"passed","title":"404s on an unknown plan id","duration":6698.998900000006,"failureMessages":[],"meta":{},"tags":[]},{"ancestorTitles":["database backstops"],"fullName":"database backstops rejects a second fallback plan at the DB level","status":"passed","title":"rejects a second fallback plan at the DB level","duration":6366.723499999993,"failureMessages":[],"meta":{},"tags":[]},{"ancestorTitles":["database backstops"],"fullName":"database backstops rejects a non-free or inactive fallback at the DB level","status":"passed","title":"rejects a non-free or inactive fallback at the DB level","duration":6598.584200000012,"failureMessages":[],"meta":{},"tags":[]},{"ancestorTitles":["database backstops"],"fullName":"database backstops rejects negative prices at the DB level","status":"passed","title":"rejects negative prices at the DB level","duration":6952.229600000021,"failureMessages":[],"meta":{},"tags":[]},{"ancestorTitles":["database backstops"],"fullName":"database backstops limit keys stay consistent between shared constants and seeds","status":"passed","title":"limit keys stay consistent between shared constants and seeds","duration":6412.589899999992,"failureMessages":[],"meta":{},"tags":[]}],"startTime":1787409385074,"endTime":1787409641573.5898,"status":"passed","message":"","name":"F:/devprojects/gigbuddy/src/tests/server/adminBilling.test.js"},{"assertionResults":[{"ancestorTitles":["super-admin operations dashboard"],"fullName":"super-admin operations dashboard rejects regular users on every operations endpoint","status":"passed","title":"rejects regular users on every operations endpoint","duration":6697.6363,"failureMessages":[],"meta":{},"tags":[]},{"ancestorTitles":["super-admin operations dashboard"],"fullName":"super-admin operations dashboard summarizes actionable billing and webhook health","status":"passed","title":"summarizes actionable billing and webhook health","duration":6879.4920999999995,"failureMessages":[],"meta":{},"tags":[]},{"ancestorTitles":["super-admin operations dashboard"],"fullName":"super-admin operations dashboard returns bounded alert feeds and rejects malformed limits","status":"passed","title":"returns bounded alert feeds and rejects malformed limits","duration":6472.688499999998,"failureMessages":[],"meta":{},"tags":[]},{"ancestorTitles":["super-admin operations dashboard"],"fullName":"super-admin operations dashboard persists webhook processing failures even though Mollie receives 200","status":"passed","title":"persists webhook processing failures even though Mollie receives 200","duration":6238.420099999999,"failureMessages":[],"meta":{},"tags":[]}],"startTime":1787410015660,"endTime":1787410041948.4202,"status":"passed","message":"","name":"F:/devprojects/gigbuddy/src/tests/server/adminOperations.test.js"},{"assertionResults":[{"ancestorTitles":["validateProviderClaims"],"fullName":"validateProviderClaims accepts google claims with boolean email_verified true","status":"passed","title":"accepts google claims with boolean email_verified true","duration":2245.9739,"failureMessages":[],"meta":{},"tags":[]},{"ancestorTitles":["validateProviderClaims"],"fullName":"validateProviderClaims rejects google claims when email_verified is string \"true\"","status":"passed","title":"rejects google claims when email_verified is string \"true\"","duration":2177.0457,"failureMessages":[],"meta":{},"tags":[]},{"ancestorTitles":["validateProviderClaims"],"fullName":"validateProviderClaims rejects google claims when email_verified is string \"false\"","status":"passed","title":"rejects google claims when email_verified is string \"false\"","duration":2245.3024000000005,"failureMessages":[],"meta":{},"tags":[]},{"ancestorTitles":["validateProviderClaims"],"fullName":"validateProviderClaims rejects google claims when email_verified is boolean false","status":"passed","title":"rejects google claims when email_verified is boolean false","duration":2299.8795,"failureMessages":[],"meta":{},"tags":[]},{"ancestorTitles":["validateProviderClaims"],"fullName":"validateProviderClaims rejects google claims when email_verified is nu
[...]
h returns [] for queries under 3 characters","status":"passed","title":"returns [] for queries under 3 characters","duration":6288.455900000001,"failureMessages":[],"meta":{},"tags":[]},{"ancestorTitles":["GET /api/contacts/search"],"fullName":"GET /api/contacts/search matches by name (case-insensitive)","status":"passed","title":"matches by name (case-insensitive)","duration":6420.4927000000025,"failureMessages":[],"meta":{},"tags":[]},{"ancestorTitles":["GET /api/contacts/search"],"fullName":"GET /api/contacts/search is tenant-scoped — does not return another tenant's contacts","status":"passed","title":"is tenant-scoped — does not return another tenant's contacts","duration":6160.238400000002,"failureMessages":[],"meta":{},"tags":[]}],"startTime":1787409356768,"endTime":1787409446781.2383,"status":"passed","message":"","name":"F:/devprojects/gigbuddy/src/tests/server/venueContacts.test.js"},{"assertionResults":[{"ancestorTitles":["POST /api/venues/:id/enrich"],"fullName":"POST /api/venues/:id/enrich fills every empty field and reports what it filled","status":"passed","title":"fills every empty field and reports what it filled","duration":6396.5968,"failureMessages":[],"meta":{},"tags":[]},{"ancestorTitles":["POST /api/venues/:id/enrich"],"fullName":"POST /api/venues/:id/enrich never overwrites a field that already has a value","status":"passed","title":"never overwrites a field that already has a value","duration":6348.787199999999,"failureMessages":[],"meta":{},"tags":[]},{"ancestorTitles":["POST /api/venues/:id/enrich"],"fullName":"POST /api/venues/:id/enrich ignores the client's view of what is empty and re-checks the stored row","status":"passed","title":"ignores the client's view of what is empty and re-checks the stored row","duration":6521.448,"failureMessages":[],"meta":{},"tags":[]},{"ancestorTitles":["POST /api/venues/:id/enrich"],"fullName":"POST /api/venues/:id/enrich stores the coordinates when the venue has none","status":"passed","title":"stores the coordinates when the venue has none","duration":6928.908200000002,"failureMessages":[],"meta":{},"tags":[]},{"ancestorTitles":["POST /api/venues/:id/enrich"],"fullName":"POST /api/venues/:id/enrich leaves existing coordinates untouched","status":"passed","title":"leaves existing coordinates untouched","duration":6281.718799999999,"failureMessages":[],"meta":{},"tags":[]},{"ancestorTitles":["POST /api/venues/:id/enrich"],"fullName":"POST /api/venues/:id/enrich returns the same updated_at the database holds after both writes","status":"passed","title":"returns the same updated_at the database holds after both writes","duration":6289.5501,"failureMessages":[],"meta":{},"tags":[]},{"ancestorTitles":["POST /api/venues/:id/enrich"],"fullName":"POST /api/venues/:id/enrich reports an empty fill set when the suggestion adds nothing","status":"passed","title":"reports an empty fill set when the suggestion adds nothing","duration":6419.231800000001,"failureMessages":[],"meta":{},"tags":[]},{"ancestorTitles":["POST /api/venues/:id/enrich"],"fullName":"POST /api/venues/:id/enrich rejects an out-of-range coordinate","status":"passed","title":"rejects an out-of-range coordinate","duration":6147.8033,"failureMessages":[],"meta":{},"tags":[]},{"ancestorTitles":["POST /api/venues/:id/enrich"],"fullName":"POST /api/venues/:id/enrich rejects a half coordinate pair","status":"passed","title":"rejects a half coordinate pair","duration":6552.197899999999,"failureMessages":[],"meta":{},"tags":[]},{"ancestorTitles":["POST /api/venues/:id/enrich"],"fullName":"POST /api/venues/:id/enrich 400s without a suggestion body","status":"passed","title":"400s without a suggestion body","duration":6735.058800000006,"failureMessages":[],"meta":{},"tags":[]},{"ancestorTitles":["POST /api/venues/:id/enrich"],"fullName":"POST /api/venues/:id/enrich does not enrich a venue from another tenant — 404, not 403","status":"passed","title":"does not enrich a venue from another tenant — 404, not 403","duration":5980.160499999998,"failureMessages":[],"meta":{},"tags":[]},{"ancestorTitles":["POST /api/venues/:id/enrich"],"fullName":"POST /api/venues/:id/enrich 404s for an unknown venue id","status":"passed","title":"404s for an unknown venue id","duration":6440.184199999989,"failureMessages":[],"meta":{},"tags":[]}],"startTime":1787409395025,"endTime":1787409472067.184,"status":"passed","message":"","name":"F:/devprojects/gigbuddy/src/tests/server/venueEnrich.test.js"},{"assertionResults":[{"ancestorTitles":["venue groups"],"fullName":"venue groups lists the first ten matching groups alphabetically in a bounded envelope","status":"passed","title":"lists the first ten matching groups alphabetically in a bounded envelope","duration":6219.195100000001,"failureMessages":[],"meta":{},"tags":[]},{"ancestorTitles":["venue groups"],"fullName":"venue groups creates a group and exposes tenant-scoped group ids on venue rows","status":"passed","title":"creates a group and exposes tenant-scoped group ids on venue rows","duration":6595.525,"failureMessages":[],"meta":{},"tags":[]},{"ancestorTitles":["venue groups"],"fullName":"venue groups allows one venue in several groups but stores it only once per group","status":"passed","title":"allows one venue in several groups but stores it only once per group","duration":6229.5216,"failureMessages":[],"meta":{},"tags":[]},{"ancestorTitles":["venue groups"],"fullName":"venue groups renames, removes members from, and deletes a group without deleting venues","status":"passed","title":"renames, removes members from, and deletes a group without deleting venues","duration":6350.719499999999,"failureMessages":[],"meta":{},"tags":[]},{"ancestorTitles":["venue groups"],"fullName":"venue groups requires distinct non-empty group names within a tenant","status":"passed","title":"requires distinct non-empty group names within a tenant","duration":7053.097299999998,"failureMessages":[],"meta":{},"tags":[]},{"ancestorTitles":["venue groups"],"fullName":"venue groups rejects cross-tenant group and member writes as not found without partial changes","status":"passed","title":"rejects cross-tenant group and member writes as not found without partial changes","duration":6266.5432999999975,"failureMessages":[],"meta":{},"tags":[]},{"ancestorTitles":["venue groups"],"fullName":"venue groups rejects malformed membership batches and planning writes from readers","status":"passed","title":"rejects malformed membership batches and planning writes from readers","duration":6277.308499999999,"failureMessages":[],"meta":{},"tags":[]}],"startTime":1787409923161,"endTime":1787409968153.3086,"status":"passed","message":"","name":"F:/devprojects/gigbuddy/src/tests/server/venueGroups.test.js"},{"assertionResults":[{"ancestorTitles":["GET /api/venues — list includes primary contact name"],"fullName":"GET /api/venues — list includes primary contact name returns the primary linked contact name in primary_contact_name","status":"passed","title":"returns the primary linked contact name in primary_contact_name","duration":6111.7392,"failureMessages":[],"meta":{},"tags":[]},{"ancestorTitles":["GET /api/venues — list includes primary contact name"],"fullName":"GET /api/venues — list includes primary contact name leaves primary_contact_name null when no primary contact is linked","status":"passed","title":"leaves primary_contact_name null when no primary contact is linked","duration":6852.5902,"failureMessages":[],"meta":{},"tags":[]},{"ancestorTitles":["POST /api/venues — create venue"],"fullName":"POST /api/venues — create venue creates a venue and returns 201 with the new row","status":"passed","title":"creates a venue and returns 201 with the new row","duration":6779.0121,"failureMessages":[],"meta":{},"tags":[]},{"ancestorTitles":["POST /api/venues — create venue"],"fullName":"POST /api/venues — create venue stores validated coordinates supplied by a place lookup","status":"passed","title":"stores validated coordinates supplied by a place lookup","duration":6187.3452,"failureMessages":[],"meta":{},"tags":[]},{"ancestorTitles":["POST /api/venues — create venue"],"fullName":"POST /api/venues — create venue leaves coordinates null when none are supplied","status":"passed","title":"leaves coordinates null when none are supplied","duration":6421.265300000003,"failureMessages":[],"meta":{},"tags":[]},{"ancestorTitles":["POST /api/venues — create venue"],"fullName":"POST /api/venues — create venue rejects a half coordinate pair","status":"passed","title":"rejects a half coordinate pair","duration":6358.6644000000015,"failureMessages":[],"meta":{},"tags":[]},{"ancestorTitles":["POST /api/venues — create venue"],"fullName":"POST /api/venues — create venue rejects an out-of-range coordinate","status":"passed","title":"rejects an out-of-range coordinate","duration":6308.7880000000005,"failureMessages":[],"meta":{},"tags":[]},{"ancestorTitles":["POST /api/venues — create venue"],"fullName":"POST /api/venues — create venue returns 409 (not 500) when name+city duplicates an existing venue in the same tenant","status":"passed","title":"returns 409 (not 500) when name+city duplicates an existing venue in the same tenant","duration":6829.093000000001,"failureMessages":[],"meta":{},"tags":[]},{"ancestorTitles":["POST /api/venues — create venue"],"fullName":"POST /api/venues — create venue allows the same venue name+city in two different tenants","status":"passed","title":"allows the same venue name+city in two different tenants","duration":6213.244000000006,"failureMessages":[],"meta":{},"tags":[]},{"ancestorTitles":["POST /api/venues — create venue"],"fullName":"POST /api/venues — create venue stores optional registration and VAT identifiers for venues and festivals","status":"passed","title":"stores optional registration and VAT identifiers for venues and festivals","duration":6146.306400000009,"failureMessages":[],"meta":{},"tags":[]},{"ancestorTitles":["POST /api/venues — create venue"],"fullName":"POST /api/venues — create venue does not allow one tenant to update another tenant venue identifiers","status":"passed","title":"does not allow one tenant to update another tenant venue identifiers","duration":6435.076100000006,"failureMessages":[],"meta":{},"tags":[]},{"ancestorTitles":["POST /api/venues/duplicate-check"],"fullName":"POST /api/venues/duplicate-check matches organization name, address, website, or email and reports every matching field","status":"passed","title":"matches organization name, address, website, or email and reports every matching field","duration":6064.451000000001,"failureMessages":[],"meta":{},"tags":[]},{"ancestorTitles":["POST /api/venues/duplicate-check"],"fullName":"POST /api/venues/duplicate-check does not reveal matching venues from another tenant","status":"passed","title":"does not reveal matching venues from another tenant","duration":6677.515699999989,"failureMessages":[],"meta":{},"tags":[]},{"ancestorTitles":["POST /api/venues — festival_name rejected"],"fullName":"POST /api/venues — festival_name rejected returns 400 when festival_name is present in create body","status":"passed","title":"returns 400 when festival_name is present in create body","duration":6877.741899999994,"failureMessages":[],"meta":{},"tags":[]},{"ancestorTitles":["PATCH /api/venues/:id — festival_name rejected"],"fullName":"PATCH /api/venues/:id — festival_name rejected returns 400 when festival_name is present in update body","status":"passed","title":"returns 400 when festival_name is present in update body","duration":6151.631500000003,"failureMessages":[],"meta":{},"tags":[]},{"ancestorTitles":["GET /api/venues/search"],"fullName":"GET /api/venues/search matches festival by name (not festival_name)","status":"passed","title":"matches festival by name (not festival_name)","duration":6443.464200000002,"failureMessages":[],"meta":{},"tags":[]},{"ancestorTitles":["GET /api/venues/search"],"fullName":"GET /api/venues/search filters by category=festival","status":"passed","title":"filters by category=festival","duration":6408.626599999989,"failureMessages":[],"meta":{},"tags":[]},{"ancestorTitles":["GET /api/venues — years field"],"fullName":"GET /api/venues — years field returns [] for a venue with no gigs","status":"passed","title":"returns [] for a venue with no gigs","duration":6185.907899999991,"failureMessages":[],"meta":{},"tags":[]},{"ancestorTitles":["GET /api/venues — years field"],"fullName":"GET /api/venues — years field returns the year when a gig is linked via venue_id","status":"passed","title":"returns the year when a gig is linked via venue_id","duration":7109.863299999997,"failureMessages":[],"meta":{},"tags":[]},{"ancestorTitles":["GET /api/venues — years field"],"fullName":"GET /api/venues — years field returns the year when a gig is linked via festival_id","status":"passed","title":"returns the year when a gig is linked via festival_id","duration":6507.336500000019,"failureMessages":[],"meta":{},"tags":[]},{"ancestorTitles":["GET /api/venues — years field"],"fullName":"GET /api/venues — years field returns sorted distinct years from gigs via both venue_id and festival_id","status":"passed","title":"returns sorted distinct years from gigs via both venue_id and festival_id","duration":6358.8490000000165,"failureMessages":[],"meta":{},"tags":[]},{"ancestorTitles":["GET /api/venues — years field"],"fullName":"GET /api/venues — years field tenant A response does not contain tenant B venues","status":"passed","title":"tenant A response does not contain tenant B venues","duration":6408.113800000021,"failureMessages":[],"meta":{},"tags":[]},{"ancestorTitles":["PATCH venue category — server enforces invariant"],"fullName":"PATCH venue category — server enforces invariant rejects category change without on_affected_gigs when gig references exist","status":"passed","title":"rejects category change without on_affected_gigs when gig references exist","duration":6206.422499999986,"failureMessages":[],"meta":{},"tags":[]},{"ancestorTitles":["PATCH venue category — server enforces invariant"],"fullName":"PATCH venue category — server enforces invariant allows category change without on_affected_gigs when no gigs reference the venue","status":"passed","title":"allows category change without on_affected_gigs when no gigs reference the venue","duration":6590.198400000023,"failureMessages":[],"meta":{},"tags":[]},{"ancestorTitles":["PATCH venue category — server enforces invariant"],"fullName":"PATCH venue category — server enforces invariant category change with on_affected_gigs=remove clears gig venue_id","status":"passed","title":"category change with on_affected_gigs=remove clears gig venue_id","duration":6903.633299999987,"failureMessages":[],"meta":{},"tags":[]},{"ancestorTitles":["PATCH venue category — server enforces invariant"],"fullName":"PATCH venue category — server enforces invariant category change with on_affected_gigs=migrate moves venue_id to festival_id","status":"passed","title":"category change with on_affected_gigs=migrate moves venue_id to festival_id","duration":6201.609300000011,"failureMessages":[],"meta":{},"tags":[]},{"ancestorTitles":["GET /api/venues/:id/events — the venue event history"],"fullName":"GET /api/venues/:id/events — the venue event history returns the venue gigs newest first, in the bounded envelope","status":"passed","title":"returns the venue gigs newest first, in the bounded envelope","duration":6314.491899999994,"failureMessages":[],"meta":{},"tags":[]},{"ancestorTitles":["GET /api/venues/:id/events — the venue event history"],"fullName":"GET /api/venues/:id/events — the venue event history includes gigs linked through festival_id as well as venue_id","status":"passed","title":"includes gigs linked through festival_id as well as venue_id","duration":6222.301300000021,"failureMessages":[],"meta":{},"tags":[]},{"ancestorTitles":["GET /api/venues/:id/events — the venue event history"],"fullName":"GET /api/venues/:id/events — the venue event history pages with the keyset cursor rather than an offset","status":"passed","title":"pages with the keyset cursor rather than an offset","duration":6087.035899999988,"failureMessages":[],"meta":{},"tags":[]},{"ancestorTitles":["GET /api/venues/:id/events — the venue event history"],"fullName":"GET /api/venues/:id/events — the venue event history rejects a malformed limit and a half-supplied cursor","status":"passed","title":"rejects a malformed limit and a half-supplied cursor","duration":6698.541099999973,"failureMessages":[],"meta":{},"tags":[]},{"ancestorTitles":["GET /api/venues/:id/events — the venue event history"],"fullName":"GET /api/venues/:id/events — the venue event history never leaks another tenant's gigs at a same-named venue","status":"passed","title":"never leaks another tenant's gigs at a same-named venue","duration":6556.703299999994,"failureMessages":[],"meta":{},"tags":[]},{"ancestorTitles":["GET /api/venues/:id/events — the venue event history"],"fullName":"GET /api/venues/:id/events — the venue event history 404s for a venue belonging to another tenant","status":"passed","title":"404s for a venue belonging to another tenant","duration":6156.354099999997,"failureMessages":[],"meta":{},"tags":[]}],"startTime":1787409151185,"endTime":1787409356960.354,"status":"passed","message":"","name":"F:/devprojects/gigbuddy/src/tests/server/venues.test.js"},{"assertionResults":[{"ancestorTitles":["withTransaction"],"fullName":"withTransaction runs BEGIN/COMMIT, releases with no argument, and returns the callback result","status":"passed","title":"runs BEGIN/COMMIT, releases with no argument, and returns the callback result","duration":1.787700000000001,"failureMessages":[],"meta":{},"tags":[]},{"ancestorTitles":["withTransaction"],"fullName":"withTransaction rolls back and rethrows the original error when the callback throws","status":"passed","title":"rolls back and rethrows the original error when the callback throws","duration":0.5996999999999844,"failureMessages":[],"meta":{},"tags":[]},{"ancestorTitles":["withTransaction"],"fullName":"withTransaction does not let a failed rollback mask the original error, and evicts the client","status":"passed","title":"does not let a failed rollback mask the original error, and evicts the client","duration":0.568000000000012,"failureMessages":[],"meta":{},"tags":[]},{"ancestorTitles":["withTransaction"],"fullName":"withTransaction rolls back and rethrows when COMMIT itself rejects","status":"passed","title":"rolls back and rethrows when COMMIT itself rejects","duration":0.24399999999999977,"failureMessages":[],"meta":{},"tags":[]},{"ancestorTitles":["withTransaction"],"fullName":"withTransaction rethrows the COMMIT error (not the rollback error) when both fail, and evicts","status":"passed","title":"rethrows the COMMIT error (not the rollback error) when both fail, and evicts","duration":0.2843000000000018,"failureMessages":[],"meta":{},"tags":[]},{"ancestorTitles":["withTransaction"],"fullName":"withTransaction rolls back without committing and returns the result on abortTransaction","status":"passed","title":"rolls back without committing and returns the result on abortTransaction","duration":0.20640000000000214,"failureMessages":[],"meta":{},"tags":[]},{"ancestorTitles":["withTransaction"],"fullName":"withTransaction returns a mapped result when mapError resolves one, otherwise rethrows","status":"passed","title":"returns a mapped result when mapError resolves one, otherwise rethrows","duration":0.2407999999999788,"failureMessages":[],"meta":{},"tags":[]},{"ancestorTitles":["withTransaction"],"fullName":"withTransaction uses a caller-provided client and never releases it","status":"passed","title":"uses a caller-provided client and never releases it","duration":0.244199999999978,"failureMessages":[],"meta":{},"tags":[]}],"startTime":1787410073057,"endTime":1787410073061.2441,"status":"passed","message":"","name":"F:/devprojects/gigbuddy/src/tests/server/withTransaction.test.js"}]}