{"numTotalTestSuites":766,"numPassedTestSuites":766,"numFailedTestSuites":0,"numPendingTestSuites":0,"numTotalTests":2958,"numPassedTests":2958,"numFailedTests":0,"numPendingTests":0,"numTodoTests":0,"snapshot":{"added":0,"failure":false,"filesAdded":0,"filesRemoved":0,"filesRemovedList":[],"filesUnmatched":0,"filesUpdated":0,"matched":0,"total":0,"unchecked":0,"uncheckedKeysByFile":[],"unmatched":0,"updated":0,"didUpdate":false},"startTime":1787408639217,"success":true,"testResults":[{"assertionResults":[{"ancestorTitles":["resolveEffectiveMode"],"fullName":"resolveEffectiveMode uses specified when a booking fee has a basis","status":"passed","title":"uses specified when a booking fee has a basis","duration":1.3409999999998945,"failureMessages":[],"meta":{},"tags":[]},{"ancestorTitles":["resolveEffectiveMode"],"fullName":"resolveEffectiveMode collapses specified without a booking fee to combined","status":"passed","title":"collapses specified without a booking fee to combined","duration":0.26830000000018117,"failureMessages":[],"meta":{},"tags":[]},{"ancestorTitles":["resolveEffectiveMode"],"fullName":"resolveEffectiveMode treats unknown preferences as combined","status":"passed","title":"treats unknown preferences as combined","duration":0.12100000000009459,"failureMessages":[],"meta":{},"tags":[]}],"startTime":1787408755015,"endTime":1787408755017.2683,"status":"passed","message":"","name":"F:/devprojects/gigbuddy/shared/invoiceModes.test.js"},{"assertionResults":[{"ancestorTitles":["AdminMenu"],"fullName":"AdminMenu links every super-admin surface from one menu","status":"passed","title":"links every super-admin surface from one menu","duration":514.2948000000006,"failureMessages":[],"meta":{},"tags":[]}],"startTime":1787408732716,"endTime":1787408733230.295,"status":"passed","message":"","name":"F:/devprojects/gigbuddy/src/admin/__tests__/AdminMenu.test.jsx"},{"assertionResults":[{"ancestorTitles":["RequireSuperAdmin"],"fullName":"RequireSuperAdmin renders the outlet for super admins","status":"passed","title":"renders the outlet for super admins","duration":33.908400000000256,"failureMessages":[],"meta":{},"tags":[]},{"ancestorTitles":["RequireSuperAdmin"],"fullName":"RequireSuperAdmin redirects tenant admins (non-super) to /","status":"passed","title":"redirects tenant admins (non-super) to /","duration":7.274499999999989,"failureMessages":[],"meta":{},"tags":[]}],"startTime":1787408743456,"endTime":1787408743497.2744,"status":"passed","message":"","name":"F:/devprojects/gigbuddy/src/admin/__tests__/RequireSuperAdmin.test.jsx"},{"assertionResults":[{"ancestorTitles":["API client terms-version handling"],"fullName":"API client terms-version handling hard-navigates stale JSON requests to the acceptance page","status":"passed","title":"hard-navigates stale JSON requests to the acceptance page","duration":11.536099999999806,"failureMessages":[],"meta":{},"tags":[]},{"ancestorTitles":["API client terms-version handling"],"fullName":"API client terms-version handling hard-navigates stale blob requests to the acceptance page","status":"passed","title":"hard-navigates stale blob requests to the acceptance page","duration":1.3782999999998538,"failureMessages":[],"meta":{},"tags":[]},{"ancestorTitles":["API client terms-version handling"],"fullName":"API client terms-version handling hard-navigates stale form requests to the acceptance page","status":"passed","title":"hard-navigates stale form requests to the acceptance page","duration":0.7928000000001703,"failureMessages":[],"meta":{},"tags":[]}],"startTime":1787408747359,"endTime":1787408747372.7927,"status":"passed","message":"","name":"F:/devprojects/gigbuddy/src/app/__tests__/apiClient.test.js"},{"assertionResults":[{"ancestorTitles":["AppShell nav groups"],"fullName":"AppShell nav groups renders all six group headers","status":"passed","title":"renders all six group headers","duration":409.0459000000001,"failureMessages":[],"meta":{},"tags":[]},{"ancestorTitles":["AppShell nav groups"],"fullName":"AppShell nav groups hides the super-admin menu from regular tenant administrators","status":"passed","title":"hides the super-admin menu from regular tenant administrators","duration":75.58070000000043,"failureMessages":[],"meta":{},"tags":[]},{"ancestorTitles":["AppShell nav groups"],"fullName":"AppShell nav groups shows the dedicated super-admin menu to super administrators","status":"passed","title":"shows the dedicated super-admin menu to super administrators","duration":345.66640000000007,"failureMessages":[],"meta":{},"tags":[]},{"ancestorTitles":["AppShell nav groups"],"fullName":"AppShell nav groups auto-expands the group containing the active route and collapses the rest","status":"passed","title":"auto-expands the group containing the active route and collapses the rest","duration":69.56919999999991,"failureMessages":[],"meta":{},"tags":[]},{"ancestorTitles":["AppShell nav groups"],"fullName":"AppShell nav groups keeps only one group open at a time (accordion)","status":"passed","title":"keeps only one group open at a time (accordion)","duration":267.20920000000024,"failureMessages":[],"meta":{},"tags":[]},{"ancestorTitles":["AppShell nav groups"],"fullName":"AppShell nav groups marks the owning group header as selected when a child route is active","status":"passed","title":"marks the owning group header as selected when a child route is active","duration":111.82200000000012,"failureMessages":[],"meta":{},"tags":[]},{"ancestorTitles":["AppShell nav groups"],"fullName":"AppShell nav groups group headers toggle open/close but never navigate; children do navigate","status":"passed","title":"group headers toggle open/close but never navigate; children do navigate","duration":241.65720000000056,"failureMessages":[],"meta":{},"tags":[]},{"ancestorTitles":["AppShell nav groups","collapsed (icon-only) mode"],"fullName":"AppShell nav groups collapsed (icon-only) mode hides text labels but keeps child links reachable as icons","status":"passed","title":"hides text labels but keeps child links reachable as icons","duration":300.8101999999999,"failureMessages":[],"meta":{},"tags":[]},{"ancestorTitles":["AppShell nav groups","collapsed (icon-only) mode"],"fullName":"AppShell nav groups collapsed (icon-only) mode marks the active child link with aria-current when collapsed","status":"passed","title":"marks the active child link with aria-current when collapsed","duration":230.26969999999983,"failureMessages":[],"meta":{},"tags":[]},{"ancestorTitles":["AppShell nav groups","collapsed (icon-only) mode"],"fullName":"AppShell nav groups collapsed (icon-only) mode opens a hover flyout with the group title and clickable child links for a collapsed group","status":"passed","title":"opens a hover flyout with the group title and clickable child links for a collapsed group","duration":618.0255000000006,"failureMessages":[],"meta":{},"tags":[]},{"ancestorTitles":["AppShell nav groups","collapsed (icon-only) mode"],"fullName":"AppShell nav groups collapsed (icon-only) mode does not show a hover flyout for the already-expanded group","status":"passed","title":"does not show a hover flyout for the already-expanded group","duration":354.2358999999997,"failureMessages":[],"meta":{},"tags":[]}],"startTime":1787408688758,"endTime":1787408691782.2358,"status":"passed","message":"","name":"F:/devprojects/gigbuddy/src/app/__tests__/AppShellNavGroups.test.jsx"},{"assertionResults":[{"ancestorTitles":["BandParticipantsSection"],"fullName":"BandParticipantsSection writer mode shows vote, remove and the add row","status":"passed","title":"writer mode shows vote, remove and the add row","duration":415.1745999999994,"failureMessages":[],"meta":{},"tags":[]},{"ancestorTitles":["BandParticipantsSection"],"fullName":"BandParticipantsSection hides removal for the last participant","status":"passed","title":"hides removal for the last participant","duration":26.251800000000003,"failureMessages":[],"meta":{},"tags":[]},{"ancestorTitles":["BandParticipantsSection"],"fullName":"BandParticipantsSection adds the candidate as soon as it is picked from the autocomplete","status":"passed","title":"adds the candidate as soon as it is picked from the autocomplete","duration":230.66820000000007,"failureMessages":[],"meta":{},"tags":[]},{"ancestorTitles":["BandParticipantsSection"],"fullName":"BandParticipantsSection reader mode disables voting and hides remove + add affordances","status":"passed","title":"reader mode disables voting and hides remove + add affordances","duration":48.21140000000014,"failureMessages":[],"meta":{},"tags":[]},{"ancestorTitles":["BandParticipantsSection"],"fullName":"BandParticipantsSection supports event-specific row content without showing vote controls","status":"passed","title":"supports event-specific row content without showing vote controls","duration":37.03639999999996,"failureMessages":[],"meta":{},"tags":[]},{"ancestorTitles":["BandParticipantsSection"],"fullName":"BandParticipantsSection can limit voting to the current participant","status":"passed","title":"can limit voting to the current participant","duration":28.636999999999716,"failureMessages":[],"meta":{},"tags":[]},{"ancestorTitles":["BandParticipantsSection"],"fullName":"BandParticipantsSection hides vote controls for events in the past","status":"passed","title":"hides vote controls for events in the past","duration":27.73450000000048,"failureMessages":[],"meta":{},"tags":[]},{"ancestorTitles":["BandParticipantsSection"],"fullName":"BandParticipantsSection hides vote controls when the event is no longer an option","status":"passed","title":"hides vote controls when the event is no longer an option","duration":27.227600000000166,"failureMessages":[],"meta":{},"tags":[]},{"ancestorTitles":["BandParticipantsSection"],"fullName":"BandParticipantsSection uses the compact two-column layout with identity, details and actions in their requested cells","status":"passed","title":"uses the compact two-column layout with identity, details and actions in their requested cells","duration":57.08839999999964,"failureMessages":[],"meta":{},"tags":[]}],"startTime":1787408725893,"endTime":1787408726792.0884,"status":"passed","message":"","name":"F:/devprojects/gigbuddy/src/app/__tests__/BandParticipantsSection.test.jsx"},{"assertionResults":[{"ancestorTitles":["businessRegistry"],"fullName":"businessRegistry accepts valid nl registration numbers","status":"passed","title":"accepts valid nl registration numbers","duration":1.4835999999995693,"failureMessages":[],"meta":{},"tags":[]},{"ancestorTitles":["businessRegistry"],"fullName":"businessRegistry accepts valid de registration numbers","status":"passed","title":"accepts valid de registration numbers","duration":0.34149999999999636,"failureMessages":[],"meta":{},"tags":[]},{"ancestorTitles":["businessRegistry"],"fullName":"businessRegistry accepts valid fr registration numbers","status":"passed","title":"accepts valid fr registration numbers","duration":0.23289999999997235,"failureMessages":[],"meta":{},"tags":[]},{"ancestorTitles":["businessRegistry"],"fullName":"businessRegistry accepts valid lu registration numbers","status":"passed","title":"accepts valid lu registration numbers","duration":0.14660000000003492,"failureMessages":[],"meta":{},"tags":[]},{"ancestorTitles":["businessRegistry"],"fullName":"businessRegistry accepts valid at registration numbers","status":"passed","title":"accepts valid at registration numbers","duration":0.3629000000000815,"failureMessages":[],"meta":{},"tags":[]},{"ancestorTitles":["businessRegistry"],"fullName":"businessRegistry accepts valid it registration numbers","status":"passed","title":"accepts valid it registration numbers","duration":0.19640000000026703,"failureMessages":[],"meta":{},"tags":[]},{"ancestorTitles":["businessRegistry"],"fullName":"businessRegistry accepts valid ie registration numbers","status":"passed","title":"accepts valid ie registration numbers","duration":0.2130000000001928,"failureMessages":[],"meta":{},"tags":[]},{"ancestorTitles":["businessRegistry"],"fullName":"businessRegistry accepts valid gb registration numbers","status":"passed","title":"accepts valid gb registration numbers","duration":0.379399999999805,"failureMessages":[],"meta":{},"tags":[]},{"ancestorTitles":["businessRegistry"],"fullName":"businessRegistry rejects malformed registration numbers per country","status":"passed","title":"rejects malformed registration numbers per country","duration":0.3499000000001615,"failureMessages":[],"meta":{},"tags":[]},{"ancestorTitles":["businessRegistry"],"fullName":"businessRegistry treats an empty value as valid (clears the field)","status":"passed","title":"treats an empty value as valid (clears the field)","duration":0.19950000000017099,"failureMessages":[],"meta":{},"tags":[]},{"ancestorTitles":["businessRegistry"],"fullName":"businessRegistry for sameAsVat countries accepts only empty (no separate number)","status":"passed","title":"for sameAsVat countries accepts only empty (no separate number)","duration":0.16519999999991342,"failureMessages":[],"meta":{},"tags":[]},{"ancestorTitles":["businessRegistry"],"fullName":"businessRegistry marks court/city/province registers as office-scoped","status":"passed","title":"marks court/city/province registers as office-scoped","duration":0.40730000000030486,"failureMessages":[],"meta":{},"tags":[]},{"ancestorTitles":["businessRegistry"],"fullName":"businessRegistry only an incorporated company owes the extra invoice disclosures","status":"passed","title":"only an incorporated company owes the extra invoice disclosures","duration":1.2483999999999469,"failureMessages":[],"meta":{},"tags":[]},{"ancestorTitles":["businessRegistry"],"fullName":"businessRegistry exposes a register label and example per country","status":"passed","title":"exposes a register label and example per country","duration":0.1467000000002372,"failureMessages":[],"meta":{},"tags":[]}],"startTime":1787408749149,"endTime":1787408749155.2483,"status":"passed","message":"","name":"F:/devprojects/gigbuddy/src/app/__tests__/businessRegistry.test.js"},{"assertionResults":[{"ancestorTitles":["ChartOfAccountsSection — rendering"],"fullName":"ChartOfAccountsSection — rendering renders accounts grouped by type","status":"passed","title":"renders accounts grouped by type","duration":155.02980000000025,"failureMessages":[],"meta":{},"tags":[]},{"ancestorTitles":["ChartOfAccountsSection — rendering"],"fullName":"ChartOfAccountsSection — rendering renders a depth-3 sub-account under its depth-2 parent","status":"passed","title":"renders a depth-3 sub-account under its depth-2 parent","duration":39.91849999999977,"failureMessages":[],"meta":{},"tags":[]},{"ancestorTitles":["ChartOfAccountsSection — rendering"],"fullName":"ChartOfAccountsSection — rendering shows Inactive chip for deactivated accounts","status":"passed","title":"shows Inactive chip for deactivated accounts","duration":43.681400000000394,"failureMessages":[],"meta":{},"tags":[]},{"ancestorTitles":["ChartOfAccountsSection — rendering"],"fullName":"ChartOfAccountsSection — rendering renders account codes in monospace style","status":"passed","title":"renders account codes in monospace style","duration":46.88299999999981,"failureMessages":[],"meta":{},"tags":[]},{"ancestorTitles":["ChartOfAccountsSection — add child"],"fullName":"ChartOfAccountsSection — add child opens add-child dialog with parent type inherited and calls createAccount","status":"passed","title":"opens add-child dialog with parent type inherited and calls createAccount","duration":1035.1107000000002,"failureMessages":[],"meta":{},"tags":[]},{"ancestorTitles":["ChartOfAccountsSection — deactivate"],"fullName":"ChartOfAccountsSection — deactivate calls updateAccount with is_active:false on deactivate","status":"passed","title":"calls updateAccount with is_active:false on deactivate","duration":179.10670000000027,"failureMessages":[],"meta":{},"tags":[]},{"ancestorTitles":["ChartOfAccountsSection — capitalizable"],"fullName":"ChartOfAccountsSection — capitalizable toggles is_capitalizable on an asset account","status":"passed","title":"toggles is_capitalizable on an asset account","duration":186.15880000000016,"failureMessages":[],"meta":{},"tags":[]},{"ancestorTitles":["ChartOfAccountsSection — capitalizable"],"fullName":"ChartOfAccountsSection — capitalizable does not offer the capitalizable toggle on expense accounts","status":"passed","title":"does not offer the capitalizable toggle on expense accounts","duration":87.77729999999974,"failureMessages":[],"meta":{},"tags":[]},{"ancestorTitles":["ChartOfAccountsSection — capitalizable"],"fullName":"ChartOfAccountsSection — capitalizable shows a Capitalizable chip for flagged asset accounts","status":"passed","title":"shows a Capitalizable chip for flagged asset accounts","duration":29.93199999999979,"failureMessages":[],"meta":{},"tags":[]},{"ancestorTitles":["ChartOfAccountsSection — rename"],"fullName":"ChartOfAccountsSection — rename reveals a field prefilled with the current name and saves it","status":"passed","title":"reveals a field prefilled with the current name and saves it","duration":219.58839999999964,"failureMessages":[],"meta":{},"tags":[]},{"ancestorTitles":["ChartOfAccountsSection — rename"],"fullName":"ChartOfAccountsSection — rename saves on Enter","status":"passed","title":"saves on Enter","duration":308.6356000000005,"failureMessages":[],"meta":{},"tags":[]},{"ancestorTitles":["ChartOfAccountsSection — rename"],"fullName":"ChartOfAccountsSection — rename cancels on Escape without calling the API","status":"passed","title":"cancels on Escape without calling the API","duration":221.32810000000063,"failureMessages":[],"meta":{},"tags":[]},{"ancestorTitles":["ChartOfAccountsSection — rename"],"fullName":"ChartOfAccountsSection — rename does not call the API when the name is unchanged","status":"passed","title":"does not call the API when the name is unchanged","duration":296.66730000000007,"failureMessages":[],"meta":{},"tags":[]},{"ancestorTitles":["ChartOfAccountsSection — rename"],"fullName":"ChartOfAccountsSection — rename keeps the draft in the field when saving fails","status":"passed","title":"keeps the draft in the field when saving fails","duration":365.03040000000055,"failureMessages":[],"meta":{},"tags":[]},{"ancestorTitles":["ChartOfAccountsSection — rename"],"fullName":"ChartOfAccountsSection — rename offers rename on a system account","status":"passed","title":"offers rename on a system account","duration":117.69689999999991,"failureMessages":[],"meta":{},"tags":[]},{"ancestorTitles":["ChartOfAccountsSection — rename"],"fullName":"ChartOfAccountsSection — rename hides the actions menu while the row is being edited","status":"passed","title":"hides the actions menu while the row is being edited","duration":151.54380000000037,"failureMessages":[],"meta":{},"tags":[]},{"ancestorTitles":["ChartOfAccountsSection — reset name"],"fullName":"ChartOfAccountsSection — reset name offers reset on a customized system account and sends name: null","status":"passed","title":"offers reset on a customized system account and sends name: null","duration":221.02610000000095,"failureMessages":[],"meta":{},"tags":[]},{"ancestorTitles":["ChartOfAccountsSection — reset name"],"fullName":"ChartOfAccountsSection — reset name does not offer reset when the name still matches the country default","status":"passed","title":"does not offer reset when the name still matches the country default","duration":95.28230000000076,"failureMessages":[],"meta":{},"tags":[]},{"ancestorTitles":["ChartOfAccountsSection — reset name"],"fullName":"ChartOfAccountsSection — reset name does not offer reset on a customized tenant-created account","status":"passed","title":"does not offer reset on a customized tenant-created account","duration":132.70089999999982,"failureMessages":[],"meta":{},"tags":[]},{"ancestorTitles":["ChartOfAccountsSection — 409 in-use error"],"fullName":"ChartOfAccountsSection — 409 in-use error shows account_in_use helper text when deactivate returns 409","status":"passed","title":"shows account_in_use helper text when deactivate returns 409","duration":157.66710000000057,"failureMessages":[],"meta":{},"tags":[]},{"ancestorTitles":["ChartOfAccountsSection — 409 in-use error"],"fullName":"ChartOfAccountsSection — 409 in-use error shows account_in_use helper text when delete returns 409","status":"passed","title":"shows account_in_use helper text when delete returns 409","duration":266.65230000000156,"failureMessages":[],"meta":{},"tags":[]}],"startTime":1787408667114,"endTime":1787408671471.6523,"status":"passed","message":"","name":"F:/devprojects/gigbuddy/src/app/__tests__/ChartOfAccountsSection.test.jsx"},{"assertionResults":[{"ancestorTitles":[],"fullName":"self-hosts the worker dependency for every compression profile","status":"passed","title":"self-hosts the worker dependency for every compression profile","duration":3.2590000000000146,"failureMessages":[],"meta":{},"tags":[]},{"ancestorTitles":["banner compression"],"fullName":"banner compression converts banners to a compact high-quality WebP","status":"passed","title":"converts banners to a compact high-quality WebP","duration":2.774800000000141,"failureMessages":[],"meta":{},"tags":[]},{"ancestorTitles":["avatar compression"],"fullName":"avatar compression converts avatars to a compact high-quality WebP","status":"passed","title":"converts avatars to a compact high-quality WebP","duration":0.9983999999999469,"failureMessages":[],"meta":{},"tags":[]},{"ancestorTitles":["compressReceipt"],"fullName":"compressReceipt uses the receipt-specific size and dimension limits","status":"passed","title":"uses the receipt-specific size and dimension limits","duration":2.4015000000003965,"failureMessages":[],"meta":{},"tags":[]},{"ancestorTitles":["compressReceipt"],"fullName":"compressReceipt preserves the original basename and gives the compressed file the MIME extension","status":"passed","title":"preserves the original basename and gives the compressed file the MIME extension","duration":0.5219999999999345,"failureMessages":[],"meta":{},"tags":[]},{"ancestorTitles":["compressReceipt"],"fullName":"compressReceipt replaces a generic blob filename with a receipt UUID and MIME extension","status":"passed","title":"replaces a generic blob filename with a receipt UUID and MIME extension","duration":0.8093999999996413,"failureMessages":[],"meta":{},"tags":[]}],"startTime":1787408747098,"endTime":1787408747108.8093,"status":"passed","message":"","name":"F:/devprojects/gigbuddy/src/app/__tests__/compressImage.test.js"},{"assertionResults":[{"ancestorTitles":["ConnectedAccountsSection"],"fullName":"ConnectedAccountsSection shows linked status per provider and offers linking the missing one","status":"passed","title":"shows linked status per provider and offers linking the missing one","duration":309.4412000000002,"failureMessages":[],"meta":{},"tags":[]},{"ancestorTitles":["ConnectedAccountsSection"],"fullName":"ConnectedAccountsSection disables unlinking the only sign-in method","status":"passed","title":"disables unlinking the only sign-in method","duration":38.15340000000015,"failureMessages":[],"meta":{},"tags":[]},{"ancestorTitles":["ConnectedAccountsSection"],"fullName":"ConnectedAccountsSection requires confirmation before starting a link flow","status":"passed","title":"requires confirmation before starting a link flow","duration":160.21929999999975,"failureMessages":[],"meta":{},"tags":[]},{"ancestorTitles":["ConnectedAccountsSection"],"fullName":"ConnectedAccountsSection unlinks after confirmation and refreshes the user","status":"passed","title":"unlinks after confirmation and refreshes the user","duration":123.57600000000002,"failureMessages":[],"meta":{},"tags":[]},{"ancestorTitles":["ConnectedAccountsSection"],"fullName":"ConnectedAccountsSection surfaces a link error from the callback redirect","status":"passed","title":"surfaces a link error from the callback redirect","duration":32.277000000000044,"failureMessages":[],"meta":{},"tags":[]},{"ancestorTitles":["ConnectedAccountsSection"],"fullName":"ConnectedAccountsSection confirms a completed link from the callback redirect","status":"passed","title":"confirms a completed link from the callback redirect","duration":26.280499999999847,"failureMessages":[],"meta":{},"tags":[]},{"ancestorTitles":["ConnectedAccountsSection"],"fullName":"ConnectedAccountsSection lets an artist delete only the active personal workspace after informed confirmation","status":"passed","title":"lets an artist delete only the active personal workspace after informed confirmation","duration":879.8958000000002,"failureMessages":[],"meta":{},"tags":[]},{"ancestorTitles":["ConnectedAccountsSection"],"fullName":"ConnectedAccountsSection keeps the deletion dialog open and reports purge failures","status":"passed","title":"keeps the deletion dialog open and reports purge failures","duration":510.83190000000013,"failureMessages":[],"meta":{},"tags":[]}],"startTime":1787408695194,"endTime":1787408697274.8318,"status":"passed","message":"","name":"F:/devprojects/gigbuddy/src/app/__tests__/ConnectedAccountsSection.test.jsx"},{"assertionResults":[{"ancestorTitles":["CsvImportDialog"],"fullName":"CsvImportDialog starts on the upload step with the caller-supplied copy","status":"passed","title":"starts on the upload step with the caller-supplied copy","duration":205.51780000000053,"failureMessages":[],"meta":{},"tags":[]},{"ancestorTitles":["CsvImportDialog"],"fullName":"CsvImportDialog auto-maps columns by alias, case-insensitively","status":"passed","title":"auto-maps columns by alias, case-insensitively","duration":201.7506000000003,"failureMessages":[],"meta":{},"tags":[]},{"ancestorTitles":["CsvImportDialog"],"fullName":"CsvImportDialog blocks the preview step until the required column is mapped","status":"passed","title":"blocks the preview step until the required column is mapped","duration":136.8734000000004,"failureMessages":[],"meta":{},"tags":[]},{"ancestorTitles":["CsvImportDialog"],"fullName":"CsvImportDialog previews the first five rows and reports how many will import","status":"passed","title":"previews the first five rows and reports how many will import","duration":163.45400000000063,"failureMessages":[],"meta":{},"tags":[]},{"ancestorTitles":["CsvImportDialog"],"fullName":"CsvImportDialog imports transformed rows, skipping rows without the required field","status":"passed","title":"imports transformed rows, skipping rows without the required field","duration":139.22940000000017,"failureMessages":[],"meta":{},"tags":[]},{"ancestorTitles":["CsvImportDialog"],"fullName":"CsvImportDialog returns to the preview step and shows the error when the import fails","status":"passed","title":"returns to the preview step and shows the error when the import fails","duration":161.09090000000015,"failureMessages":[],"meta":{},"tags":[]},{"ancestorTitles":["CsvImportDialog"],"fullName":"CsvImportDialog reports whether anything was imported when closing","status":"passed","title":"reports whether anything was imported when closing","duration":37.94200000000001,"failureMessages":[],"meta":{},"tags":[]}],"startTime":1787408714551,"endTime":1787408715596.942,"status":"passed","message":"","name":"F:/devprojects/gigbuddy/src/app/__tests__/CsvImportDialog.test.jsx"},{"assertionResults":[{"ancestorTitles":["DashboardPage"],"fullName":"DashboardPage mounts the link page statistics tile for a band","status":"passed","title":"mounts the link page statistics tile for a band","duration":247.00880000000052,"failureMessages":[],"meta":{},"tags":[]},{"ancestorTitles":["DashboardPage"],"fullName":"DashboardPage leaves the link page tile out when the plan does not include it","status":"passed","title":"leaves the link page tile out when the plan does not include it","duration":56.78989999999976,"failureMessages":[],"meta":{},"tags":[]},{"ancestorTitles":["DashboardPage"],"fullName":"DashboardPage shows the next upcoming gig and upcoming shows, excluding past gigs","status":"passed","title":"shows the next upcoming gig and upcoming shows, excluding past gigs","duration":78.97189999999955,"failureMessages":[],"meta":{},"tags":[]},{"ancestorTitles":["DashboardPage"],"fullName":"DashboardPage shows the next gig venue and city, and the festival city for a festival show","status":"passed","title":"shows the next gig venue and city, and the festival city for a festival show","duration":89.70370000000003,"failureMessages":[],"meta":{},"tags":[]},{"ancestorTitles":["DashboardPage"],"fullName":"DashboardPage shows the next gig banner when the gig has one","status":"passed","title":"shows the next gig banner when the gig has one","duration":71.20839999999953,"failureMessages":[],"meta":{},"tags":[]},{"ancestorTitles":["DashboardPage"],"fullName":"DashboardPage fetches the six gigs needed by both gig cards","status":"passed","title":"fetches the six gigs needed by both gig cards","duration":47.04159999999956,"failureMessages":[],"meta":{},"tags":[]},{"ancestorTitles":["DashboardPage"],"fullName":"DashboardPage shows the next rehearsal returned by the limited upcoming endpoint","status":"passed","title":"shows the next rehearsal returned by the limited upcoming endpoint","duration":77.48790000000008,"failureMessages":[],"meta":{},"tags":[]},{"ancestorTitles":["DashboardPage"],"fullName":"DashboardPage does not render invoice or purchase cards (moved to the financial dashboard)","status":"passed","title":"does not render invoice or purchase cards (moved to the financial dashboard)","duration":34.183099999999286,"failureMessages":[],"meta":{},"tags":[]},{"ancestorTitles":["DashboardPage"],"fullName":"DashboardPage shows only open tasks assigned to the current member","status":"passed","title":"shows only open tasks assigned to the current member","duration":66.15260000000035,"failureMessages":[],"meta":{},"tags":[]},{"ancestorTitles":["DashboardPage"],"fullName":"DashboardPage navigates to the gig detail when a task row is clicked","status":"passed","title":"navigates to the gig detail when a task row is clicked","duration":258.22780000000057,"failureMessages":[],"meta":{},"tags":[]},{"ancestorTitles":["DashboardPage"],"fullName":"DashboardPage navigates to the tasks page when a gig-less task is clicked","status":"passed","title":"navigates to the tasks page when a gig-less task is clicked","duration":96.4390000000003,"failureMessages":[],"meta":{},"tags":[]},{"ancestorTitles":["DashboardPage"],"fullName":"DashboardPage renders empty states when sources return nothing","status":"passed","title":"renders empty states when sources return nothing","duration":36.17450000000008,"failureMessages":[],"meta":{},"tags":[]},{"ancestorTitles":["DashboardPage"],"fullName":"DashboardPage shows a count badge reflecting the full total, not the capped 5 rows","status":"passed","title":"shows a count badge reflecting the full total, not the capped 5 rows","duration":75.15200000000004,"failureMessages":[],"meta":{},"tags":[]},{"ancestorTitles":["DashboardPage"],"fullName":"DashboardPage derives the shows badge from the same limited response as the rows","status":"passed","title":"derives the shows badge from the same limited response as the rows","duration":65.18950000000041,"failureMessages":[],"meta":{},"tags":[]},{"ancestorTitles":["DashboardPage"],"fullName":"DashboardPage shows the 3 most recently unlocked achievements with a Show all link","status":"passed","title":"shows the 3 most recently unlocked achievements with a Show all link","duration":158.77629999999954,"failureMessages":[],"meta":{},"tags":[]},{"ancestorTitles":["DashboardPage"],"fullName":"DashboardPage shows the achievements empty state when nothing is unlocked","status":"passed","title":"shows the achievements empty state when nothing is unlocked","duration":44.459499999999935,"failureMessages":[],"meta":{},"tags":[]},{"ancestorTitles":["DashboardPage"],"fullName":"DashboardPage renders the memory tile image, caption and linked past gig (read-only)","status":"passed","title":"renders the memory tile image, caption and linked past gig (read-only)","duration":102.20890000000054,"failureMessages":[],"meta":{},"tags":[]},{"ancestorTitles":["DashboardPage"],"fullName":"DashboardPage does not render the memory tile for a read-only member with no memory set","status":"passed","title":"does not render the memory tile for a read-only member with no memory set","duration":50.323199999999815,"failureMessages":[],"meta":{},"tags":[]},{"ancestorTitles":["DashboardPage"],"fullName":"DashboardPage lets an editor add a caption, persisting it via updateProfile","status":"passed","title":"lets an editor add a caption, persisting it via updateProfile","duration":562.4328999999998,"failureMessages":[],"meta":{},"tags":[]},{"ancestorTitles":["DashboardPage"],"fullName":"DashboardPage searches gigs remotely after three characters without loading the full gig list","status":"passed","title":"searches gigs remotely after three characters without loading the full gig list","duration":1585.1739000000007,"failureMessages":[],"meta":{},"tags":[]},{"ancestorTitles":["DashboardPage"],"fullName":"DashboardPage does not search when an existing linked gig resets the picker input to its label","status":"passed","title":"does not search when an existing linked gig resets the picker input to its label","duration":580.9887999999992,"failureMessages":[],"meta":{},"tags":[]},{"ancestorTitles":["DashboardPage"],"fullName":"DashboardPage shows a per-card error when one source fails, while the others still render","status":"passed","title":"shows a per-card error when one source fails, while the others still render","duration":42.856799999999566,"failureMessages":[],"meta":{},"tags":[]},{"ancestorTitles":["DashboardPage in an artist workspace"],"fullName":"DashboardPage in an artist workspace leaves the link page statistics tile out entirely","status":"passed","title":"leaves the link page statistics tile out entirely","duration":58.31000000000131,"failureMessages":[],"meta":{},"tags":[]},{"ancestorTitles":["DashboardPage in an artist workspace"],"fullName":"DashboardPage in an artist workspace reads the cross-band feeds and never the active-tenant ones","status":"passed","title":"reads the cross-band feeds and never the active-tenant ones","duration":49.913400000001275,"failureMessages":[],"meta":{},"tags":[]},{"ancestorTitles":["DashboardPage in an artist workspace"],"fullName":"DashboardPage in an artist workspace identifies event rows with source-band avatars and keeps task labels unchanged","status":"passed","title":"identifies event rows with source-band avatars and keeps task labels unchanged","duration":127.10509999999886,"failureMessages":[],"meta":{},"tags":[]},{"ancestorTitles":["DashboardPage in an artist workspace"],"fullName":"DashboardPage in an artist workspace opens an ordinary event detail without leaving the artist workspace","status":"passed","title":"opens an ordinary event detail without leaving the artist workspace","duration":87.35959999999977,"failureMessages":[],"meta":{},"tags":[]},{"ancestorTitles":["DashboardPage in an artist workspace"],"fullName":"DashboardPage in an artist workspace uses intentional tenant switching for a gig-linked task and stays put when it fails","status":"passed","title":"uses intentional tenant switching for a gig-linked task and stays put when it fails","duration":78.66020000000026,"failureMessages":[],"meta":{},"tags":[]}],"startTime":1787408664767,"endTime":1787408669596.6602,"status":"passed","message":"","name":"F:/devprojects/gigbuddy/src/app/__tests__/DashboardPage.test.jsx"},{"assertionResults":[{"ancestorTitles":["DowngradeDialog — lowering a module"],"fullName":"DowngradeDialog — lowering a module fetches the preview on open and lists the data that will be deleted","status":"passed","title":"fetches the preview on open and lists the data that will be deleted","duration":350.77720000000045,"failureMessages":[],"meta":{},"tags":[]},{"ancestorTitles":["DowngradeDialog — lowering a module"],"fullName":"DowngradeDialog — lowering a module says when the change takes effect, so nobody expects it now","status":"passed","title":"says when the change takes effect, so nobody expects it now","duration":51.51019999999971,"failureMessages":[],"meta":{},"tags":[]},{"ancestorTitles":["DowngradeDialog — lowering a module"],"fullName":"DowngradeDialog — lowering a module says a trial change is immediate instead","status":"passed","title":"says a trial change is immediate instead","duration":38.09139999999934,"failureMessages":[],"meta":{},"tags":[]},{"ancestorTitles":["DowngradeDialog — lowering a module"],"fullName":"DowngradeDialog — lowering a module shows what the subscription will cost afterwards","status":"passed","title":"shows what the subscription will cost afterwards","duration":51.54449999999997,"failureMessages":[],"meta":{},"tags":[]},{"ancestorTitles":["DowngradeDialog — lowering a module"],"fullName":"DowngradeDialog — lowering a module shows the no-deletion note when the preview lists no purged features","status":"passed","title":"shows the no-deletion note when the preview lists no purged features","duration":32.9992000000002,"failureMessages":[],"meta":{},"tags":[]},{"ancestorTitles":["DowngradeDialog — lowering a module"],"fullName":"DowngradeDialog — lowering a module blockers disable confirming even with a matching phrase","status":"passed","title":"blockers disable confirming even with a matching phrase","duration":55.85940000000028,"failureMessages":[],"meta":{},"tags":[]},{"ancestorTitles":["DowngradeDialog — lowering a module"],"fullName":"DowngradeDialog — lowering a module surfaces a preview load failure without blocking close","status":"passed","title":"surfaces a preview load failure without blocking close","duration":39.280900000000656,"failureMessages":[],"meta":{},"tags":[]},{"ancestorTitles":["DowngradeDialog — lowering a module"],"fullName":"DowngradeDialog — lowering a module a failed preview keeps confirming disabled even with a matching phrase","status":"passed","title":"a failed preview keeps confirming disabled even with a matching phrase","duration":48.57799999999952,"failureMessages":[],"meta":{},"tags":[]},{"ancestorTitles":["DowngradeDialog — lowering a module"],"fullName":"DowngradeDialog — lowering a module confirm stays disabled while the preview is loading, then enables once it arrives","status":"passed","title":"confirm stays disabled while the preview is loading, then enables once it arrives","duration":56.66139999999996,"failureMessages":[],"meta":{},"tags":[]},{"ancestorTitles":["DowngradeDialog — removing a module"],"fullName":"DowngradeDialog — removing a module previews the removal and demands its own phrase","status":"passed","title":"previews the removal and demands its own phrase","duration":107.89539999999943,"failureMessages":[],"meta":{},"tags":[]}],"startTime":1787408713867,"endTime":1787408714700.8955,"status":"passed","message":"","name":"F:/devprojects/gigbuddy/src/app/__tests__/DowngradeDialog.test.jsx"},{"assertionResults":[{"ancestorTitles":["creation duplicate warnings"],"fullName":"creation duplicate warnings warns about a contact match and links to the existing contact","status":"passed","title":"warns about a contact match and links to the existing contact","duration":1219.5002999999997,"failureMessages":[],"meta":{},"tags":[]},{"ancestorTitles":["creation duplicate warnings"],"fullName":"creation duplicate warnings includes IBAN in supplier checks and links to the supplier directory","status":"passed","title":"includes IBAN in supplier checks and links to the supplier directory","duration":1130.6023000000005,"failureMessages":[],"meta":{},"tags":[]},{"ancestorTitles":["creation duplicate warnings"],"fullName":"creation duplicate warnings warns about a venue match and links to the existing venue","status":"passed","title":"warns about a venue match and links to the existing venue","duration":1431.8443000000007,"failureMessages":[],"meta":{},"tags":[]}],"startTime":1787408676599,"endTime":1787408680380.8442,"status":"passed","message":"","name":"F:/devprojects/gigbuddy/src/app/__tests__/DuplicateCreationWarnings.test.jsx"},{"assertionResults":[{"ancestorTitles":["finance welcome tutorial"],"fullName":"finance welcome tutorial shows for a finance manager whose tenant has no opening balance","status":"passed","title":"shows for a finance manager whose tenant has no opening balance","duration":224.17150000000038,"failureMessages":[],"meta":{},"tags":[]},{"ancestorTitles":["finance welcome tutorial"],"fullName":"finance welcome tutorial presents the country-aware VAT & compliant-invoicing capabilities","status":"passed","title":"presents the country-aware VAT & compliant-invoicing capabilities","duration":38.78399999999965,"failureMessages":[],"meta":{},"tags":[]},{"ancestorTitles":["finance welcome tutorial"],"fullName":"finance welcome tutorial does not show once the tutorial is dismissed","status":"passed","title":"does not show once the tutorial is dismissed","duration":10.208399999999529,"failureMessages":[],"meta":{},"tags":[]},{"ancestorTitles":["finance welcome tutorial"],"fullName":"finance welcome tutorial does not show when an opening balance already exists","status":"passed","title":"does not show when an opening balance already exists","duration":7.087199999999939,"failureMessages":[],"meta":{},"tags":[]},{"ancestorTitles":["finance welcome tutorial"],"fullName":"finance welcome tutorial does not show for a user without finance.manage","status":"passed","title":"does not show for a user without finance.manage","duration":7.1963000000005195,"failureMessages":[],"meta":{},"tags":[]},{"ancestorTitles":["finance welcome tutorial"],"fullName":"finance welcome tutorial is suppressed on the wizard route itself","status":"passed","title":"is suppressed on the wizard route itself","duration":7.146600000000035,"failureMessages":[],"meta":{},"tags":[]},{"ancestorTitles":["finance welcome tutorial"],"fullName":"finance welcome tutorial \"Maybe later\" persists the dismissal and closes","status":"passed","title":"\"Maybe later\" persists the dismissal and closes","duration":98.78749999999945,"failureMessages":[],"meta":{},"tags":[]}],"startTime":1787408734733,"endTime":1787408735125.7876,"status":"passed","message":"","name":"F:/devprojects/gigbuddy/src/app/__tests__/FinanceWelcomeTutorial.test.jsx"},{"assertionResults":[{"ancestorTitles":["FinancialDashboardPage"],"fullName":"FinancialDashboardPage renders the heading and fetches the default fiscal-year period","status":"passed","title":"renders the heading and fetches the default fiscal-year period","duration":372.4196000000002,"failureMessages":[],"meta":{},"tags":[]},{"ancestorTitles":["FinancialDashboardPage"],"fullName":"FinancialDashboardPage shows the period totals for revenue, expenses and result","status":"passed","title":"shows the period totals for revenue, expenses and result","duration":97.76379999999972,"failureMessages":[],"meta":{},"tags":[]},{"ancestorTitles":["FinancialDashboardPage"],"fullName":"FinancialDashboardPage feeds revenue/expense bars and a result line (in euros) to the chart","status":"passed","title":"feeds revenue/expense bars and a result line (in euros) to the chart","duration":89.43209999999999,"failureMessages":[],"meta":{},"tags":[]},{"ancestorTitles":["FinancialDashboardPage"],"fullName":"FinancialDashboardPage renders the overview rows with labels above proportional bars","status":"passed","title":"renders the overview rows with labels above proportional bars","duration":77.2547999999997,"failureMessages":[],"meta":{},"tags":[]},{"ancestorTitles":["FinancialDashboardPage"],"fullName":"FinancialDashboardPage feeds the yearly result (in euros) and years to the result-trend chart","status":"passed","title":"feeds the yearly result (in euros) and years to the result-trend chart","duration":76.10330000000067,"failureMessages":[],"meta":{},"tags":[]},{"ancestorTitles":["FinancialDashboardPage"],"fullName":"FinancialDashboardPage renders a gap (null) for a year with no ledger activity","status":"passed","title":"renders a gap (null) for a year with no ledger activity","duration":68.8153000000002,"failureMessages":[],"meta":{},"tags":[]},{"ancestorTitles":["FinancialDashboardPage"],"fullName":"FinancialDashboardPage anchors the trend y-axis to 0 (above the line for an all-profit series)","status":"passed","title":"anchors the trend y-axis to 0 (above the line for an all-profit series)","duration":81.63869999999952,"failureMessages":[],"meta":{},"tags":[]},{"ancestorTitles":["FinancialDashboardPage"],"fullName":"FinancialDashboardPage extends the trend y-axis below 0 for a loss year","status":"passed","title":"extends the trend y-axis below 0 for a loss year","duration":40.907900000000154,"failureMessages":[],"meta":{},"tags":[]},{"ancestorTitles":["FinancialDashboardPage"],"fullName":"FinancialDashboardPage shows the bank balance derived from the ledger","status":"passed","title":"shows the bank balance derived from the ledger","duration":32.37740000000031,"failureMessages":[],"meta":{},"tags":[]},{"ancestorTitles":["FinancialDashboardPage"],"fullName":"FinancialDashboardPage headlines the open total and links to invoices","status":"passed","title":"headlines the open total and links to invoices","duration":100.53960000000006,"failureMessages":[],"meta":{},"tags":[]},{"ancestorTitles":["FinancialDashboardPage"],"fullName":"FinancialDashboardPage divides the open total over one horizontal stacked bar","status":"passed","title":"divides the open total over one horizontal stacked bar","duration":85.14069999999992,"failureMessages":[],"meta":{},"tags":[]},{"ancestorTitles":["FinancialDashboardPage"],"fullName":"FinancialDashboardPage writes each amount on its own segment, and drops labels that would not fit","status":"passed","title":"writes each amount on its own segment, and drops labels that would not fit","duration":71.97770000000037,"failureMessages":[],"meta":{},"tags":[]},{"ancestorTitles":["FinancialDashboardPage"],"fullName":"FinancialDashboardPage carries the amount and invoice count into each segment tooltip","status":"passed","title":"carries the amount and invoice count into each segment tooltip","duration":69.17410000000018,"failureMessages":[],"meta":{},"tags":[]},{"ancestorTitles":["FinancialDashboardPage"],"fullName":"FinancialDashboardPage replaces the split bar with an empty state when nothing is open","status":"passed","title":"replaces the split bar with an empty state when nothing is open","duration":77.39729999999963,"failureMessages":[],"meta":{},"tags":[]},{"ancestorTitles":["FinancialDashboardPage"],"fullName":"FinancialDashboardPage shows the current-quarter VAT position and links to VAT returns","status":"passed","title":"shows the current-quarter VAT position and links to VAT returns","duration":88.73909999999978,"failureMessages":[],"meta":{},"tags":[]},{"ancestorTitles":["FinancialDashboardPage"],"fullName":"FinancialDashboardPage shows a receivable net VAT as a green absolute amount","status":"passed","title":"shows a receivable net VAT as a green absolute amount","duration":143.9926999999998,"failureMessages":[],"meta":{},"tags":[]},{"ancestorTitles":["FinancialDashboardPage"],"fullName":"FinancialDashboardPage uses the Dutch VAT settlement label","status":"passed","title":"uses the Dutch VAT settlement label","duration":132.1193000000003,"failureMessages":[],"meta":{},"tags":[]},{"ancestorTitles":["FinancialDashboardPage"],"fullName":"FinancialDashboardPage shows the merch gross profit, margin and inventory value as separate tiles","status":"passed","title":"shows the merch gross profit, margin and inventory value as separate tiles","duration":110.3729000000003,"failureMessages":[],"meta":{},"tags":[]},{"ancestorTitles":["FinancialDashboardPage"],"fullName":"FinancialDashboardPage shows a negative gross profit and margin when merch sold at a loss","status":"passed","title":"shows a negative gross profit and margin when merch sold at a loss","duration":68.92729999999938,"failureMessages":[],"meta":{},"tags":[]},{"ancestorTitles":["FinancialDashboardPage"],"fullName":"FinancialDashboardPage paints a losing gross profit red","status":"passed","title":"paints a losing gross profit red","duration":47.8725000000004,"failureMessages":[],"meta":{},"tags":[]},{"ancestorTitles":["FinancialDashboardPage"],"fullName":"FinancialDashboardPage paints a positive gross profit green","status":"passed","title":"paints a positive gross profit green","duration":75.12980000000061,"failureMessages":[],"meta":{},"tags":[]},{"ancestorTitles":["FinancialDashboardPage"],"fullName":"FinancialDashboardPage shows a 'thin margin' as '5%'","status":"passed","title":"shows a 'thin margin' as '5%'","duration":91.91499999999996,"failureMessages":[],"meta":{},"tags":[]},{"ancestorTitles":["FinancialDashboardPage"],"fullName":"FinancialDashboardPage shows a 'break-even' as '0%'","status":"passed","title":"shows a 'break-even' as '0%'","duration":67.88259999999991,"failureMessages":[],"meta":{},"tags":[]},{"ancestorTitles":["FinancialDashboardPage"],"fullName":"FinancialDashboardPage shows a 'high margin' as '85%'","status":"passed","title":"shows a 'high margin' as '85%'","duration":83.2506999999996,"failureMessages":[],"meta":{},"tags":[]},{"ancestorTitles":["FinancialDashboardPage"],"fullName":"FinancialDashboardPage shows a 'full margin, no cost of goods' as '100%'","status":"passed","title":"shows a 'full margin, no cost of goods' as '100%'","duration":72.67560000000049,"failureMessages":[],"meta":{},"tags":[]},{"ancestorTitles":["FinancialDashboardPage"],"fullName":"FinancialDashboardPage shows a 'rounded' as '33%'","status":"passed","title":"shows a 'rounded' as '33%'","duration":86.04370000000017,"failureMessages":[],"meta":{},"tags":[]},{"ancestorTitles":["FinancialDashboardPage"],"fullName":"FinancialDashboardPage shows no margin when there was no merch revenue in the period","status":"passed","title":"shows no margin when there was no merch revenue in the period","duration":78.94759999999951,"failureMessages":[],"meta":{},"tags":[]},{"ancestorTitles":["FinancialDashboardPage"],"fullName":"FinancialDashboardPage charts where the merch revenue came from, per product","status":"passed","title":"charts where the merch revenue came from, per product","duration":92.47989999999936,"failureMessages":[],"meta":{},"tags":[]},{"ancestorTitles":["FinancialDashboardPage"],"fullName":"FinancialDashboardPage paints the slices in fixed palette order, never cycling within a chart","status":"passed","title":"paints the slices in fixed palette order, never cycling within a chart","duration":47.66529999999966,"failureMessages":[],"meta":{},"tags":[]},{"ancestorTitles":["FinancialDashboardPage"],"fullName":"FinancialDashboardPage labels the sales that trace back to no product as unknown","status":"passed","title":"labels the sales that trace back to no product as unknown","duration":29.26219999999921,"failureMessages":[],"meta":{},"tags":[]},{"ancestorTitles":["FinancialDashboardPage"],"fullName":"FinancialDashboardPage labels the folded-up remainder as other, after the named products","status":"passed","title":"labels the folded-up remainder as other, after the named products","duration":53.2546999999995,"failureMessages":[],"meta":{},"tags":[]},{"ancestorTitles":["FinancialDashboardPage"],"fullName":"FinancialDashboardPage uses the Dutch label for unattributed merch sales","status":"passed","title":"uses the Dutch label for unattributed merch sales","duration":55.144900000000234,"failureMessages":[],"meta":{},"tags":[]},{"ancestorTitles":["FinancialDashboardPage"],"fullName":"FinancialDashboardPage omits the chart entirely when the period has no merch revenue to split","status":"passed","title":"omits the chart entirely when the period has no merch revenue to split","duration":33.623500000000604,"failureMessages":[],"meta":{},"tags":[]},{"ancestorTitles":["FinancialDashboardPage"],"fullName":"FinancialDashboardPage shows the upcoming gross band fees with a per-status breakdown","status":"passed","title":"shows the upcoming gross band fees with a per-status breakdown","duration":53.483400000000074,"failureMessages":[],"meta":{},"tags":[]},{"ancestorTitles":["FinancialDashboardPage"],"fullName":"FinancialDashboardPage divides the fee pipeline over one horizontal stacked bar","status":"passed","title":"divides the fee pipeline over one horizontal stacked bar","duration":31.754800000000614,"failureMessages":[],"meta":{},"tags":[]},{"ancestorTitles":["FinancialDashboardPage"],"fullName":"FinancialDashboardPage shows a no-gigs hint when there are no upcoming fees","status":"passed","title":"shows a no-gigs hint when there are no upcoming fees","duration":33.006500000000415,"failureMessages":[],"meta":{},"tags":[]},{"ancestorTitles":["FinancialDashboardPage"],"fullName":"FinancialDashboardPage refetches when another period is picked","status":"passed","title":"refetches when another period is picked","duration":60.478799999999865,"failureMessages":[],"meta":{},"tags":[]},{"ancestorTitles":["FinancialDashboardPage"],"fullName":"FinancialDashboardPage shows an error message when loading fails","status":"passed","title":"shows an error message when loading fails","duration":11.634700000000521,"failureMessages":[],"meta":{},"tags":[]},{"ancestorTitles":["FinancialDashboardPage"],"fullName":"FinancialDashboardPage renders the Dutch translations when the language is nl","status":"passed","title":"renders the Dutch translations when the language is nl","duration":61.19909999999982,"failureMessages":[],"meta":{},"tags":[]}],"startTime":1787408684783,"endTime":1787408687835.1992,"status":"passed","message":"","name":"F:/devprojects/gigbuddy/src/app/__tests__/FinancialDashboardPage.test.jsx"},{"assertionResults":[{"ancestorTitles":["formatDuration"],"fullName":"formatDuration formats seconds as mm:ss","status":"passed","title":"formats seconds as mm:ss","duration":1.5455000000001746,"failureMessages":[],"meta":{},"tags":[]},{"ancestorTitles":["formatDuration"],"fullName":"formatDuration formats past an hour as h:mm:ss","status":"passed","title":"formats past an hour as h:mm:ss","duration":0.296100000000024,"failureMessages":[],"meta":{},"tags":[]},{"ancestorTitles":["formatDuration"],"fullName":"formatDuration returns empty string for null/blank/invalid","status":"passed","title":"returns empty string for null/blank/invalid","duration":0.1993999999999687,"failureMessages":[],"meta":{},"tags":[]},{"ancestorTitles":["parseDuration"],"fullName":"parseDuration parses mm:ss and h:mm:ss","status":"passed","title":"parses mm:ss and h:mm:ss","duration":0.37909999999965294,"failureMessages":[],"meta":{},"tags":[]},{"ancestorTitles":["parseDuration"],"fullName":"parseDuration parses plain seconds","status":"passed","title":"parses plain seconds","duration":0.15579999999999927,"failureMessages":[],"meta":{},"tags":[]},{"ancestorTitles":["parseDuration"],"fullName":"parseDuration returns null for blank or unparseable input","status":"passed","title":"returns null for blank or unparseable input","duration":0.2953000000002248,"failureMessages":[],"meta":{},"tags":[]}],"startTime":1787408753996,"endTime":1787408753999.2954,"status":"passed","message":"","name":"F:/devprojects/gigbuddy/src/app/__tests__/formatDuration.test.js"},{"assertionResults":[{"ancestorTitles":["i18n","achievements"],"fullName":"i18n achievements nl has no extra keys beyond en","status":"passed","title":"nl has no extra keys beyond en","duration":1.4821000000001732,"failureMessages":[],"meta":{},"tags":[]},{"ancestorTitles":["i18n","achievements"],"fullName":"i18n achievements nl interpolation tokens match en","status":"passed","title":"nl interpolation tokens match en","duration":0.6256000000003041,"failureMessages":[],"meta":{},"tags":[]},{"ancestorTitles":["i18n","common"],"fullName":"i18n common nl has no extra keys beyond en","status":"passed","title":"nl has no extra keys beyond en","duration":0.15219999999999345,"failureMessages":[],"meta":{},"tags":[]},{"ancestorTitles":["i18n","common"],"fullName":"i18n common nl interpolation tokens match en","status":"passed","title":"nl interpolation tokens match en","duration":0.3188000000000102,"failureMessages":[],"meta":{},"tags":[]},{"ancestorTitles":["i18n","navigation"],"fullName":"i18n navigation nl has no extra keys beyond en","status":"passed","title":"nl has no extra keys beyond en","duration":0.3405999999999949,"failureMessages":[],"meta":{},"tags":[]},{"ancestorTitles":["i18n","navigation"],"fullName":"i18n navigation nl interpolation tokens match en","status":"passed","title":"nl interpolation tokens match en","duration":0.313600000000406,"failureMessages":[],"meta":{},"tags":[]},{"ancestorTitles":["i18n","glossary"],"fullName":"i18n glossary nl has no extra keys beyond en","status":"passed","title":"nl has no extra keys beyond en","duration":0.10739999999987049,"failureMessages":[],"meta":{},"tags":[]},{"ancestorTitles":["i18n","glossary"],"fullName":"i18n glossary nl interpolation tokens match en","status":"passed","title":"nl interpolation tokens match en","duration":0.11140000000023065,"failureMessages":[],"meta":{},"tags":[]},{"ancestorTitles":["i18n","validation"],"fullName":"i18n validation nl has no extra keys beyond en","status":"passed","title":"nl has no extra keys beyond en","duration":0.11349999999993088,"failureMessages":[],"meta":{},"tags":[]},{"ancestorTitles":["i18n","validation"],"fullName":"i18n validation nl interpolation tokens match en","status":"passed","title":"nl interpolation tokens match en","duration":0.13779999999997017,"failureMessages":[],"meta":{},"tags":[]},{"ancestorTitles":["i18n","dashboard"],"fullName":"i18n dashboard nl has no extra keys beyond en","status":"passed","title":"nl has no extra keys beyond en","duration":0.17459999999982756,"failureMessages":[],"meta":{},"tags":[]},{"ancestorTitles":["i18n","dashboard"],"fullName":"i18n dashboard nl interpolation tokens match en","status":"passed","title":"nl interpolation tokens match en","duration":0.21489999999994325,"failureMessages":[],"meta":{},"tags":[]},{"ancestorTitles":["i18n","financialDashboard"],"fullName":"i18n financialDashboard nl has no extra keys beyond en","status":"passed","title":"nl has no extra keys beyond en","duration":0.07979999999997744,"failureMessages":[],"meta":{},"tags":[]},{"ancestorTitles":["i18n","financialDashboard"],"fullName":"i18n financialDashboard nl interpolation tokens match en","status":"passed","title":"nl interpolation tokens match en","duration":0.16570000000001528,"failureMessages":[],"meta":{},"tags":[]},{"ancestorTitles":["i18n","profile"],"fullName":"i18n profile nl has no extra keys beyond en","status":"passed","title":"nl has no extra keys beyond en","duration":0.0907999999999447,"failureMessages":[],"meta":{},"tags":[]},{"ancestorTitles":["i18n","profile"],"fullName":"i18n profile nl interpolation tokens match en","status":"passed","title":"nl interpolation tokens match en","duration":0.19030000000020664,"failureMessages":[],"meta":{},"tags":[]},{"ancestorTitles":["i18n","availability"],"fullName":"i18n availability nl has no extra keys beyond en","status":"passed","title":"nl has no extra keys beyond en","duration":0.10320000000001528,"failureMessages":[],"meta":{},"tags":[]},{"ancestorTitles":["i18n","availability"],"fullName":"i18n availability nl interpolation tokens match en","status":"passed","title":"nl interpolation tokens match en","duration":0.15619999999989886,"failureMessages":[],"meta":{},"tags":[]},{"ancestorTitles":["i18n","gigs"],"fullName":"i18n gigs nl has no extra keys beyond en","status":"passed","title":"nl has no extra keys beyond en","duration":0.1594000000000051,"failureMessages":[],"meta":{},"tags":[]},{"ancestorTitles":["i18n","gigs"],"fullName":"i18n gigs nl interpolation tokens match en","status":"passed","title":"nl interpolation tokens match en","duration":0.5475000000001273,"failureMessages":[],"meta":{},"tags":[]},{"ancestorTitles":["i18n","rehearsals"],"fullName":"i18n rehearsals nl has no extra keys beyond en","status":"passed","title":"nl has no extra keys beyond en","duration":0.1694999999999709,"failureMessages":[],"meta":{},"tags":[]},{"ancestorTitles":["i18n","rehearsals"],"fullName":"i18n rehearsals nl interpolation tokens match en","status":"passed","title":"nl interpolation tokens match en","duration":0.20479999999997744,"failureMessages":[],"meta":{},"tags":[]},{"ancestorTitles":["i18n","bandEvents"],"fullName":"i18n bandEvents nl has no extra keys beyond en","status":"passed","title":"nl has no extra keys beyond en","duration":0.0965000000001055,"failureMessages":[],"meta":{},"tags":[]},{"ancestorTitles":["i18n","bandEvents"],"fullName":"i18n bandEvents nl interpolation tokens match en","status":"passed","title":"nl interpolation tokens match en","duration":1.3631999999997788,"failureMessages":[],"meta":{},"tags":[]},{"ancestorTitles":["i18n","tasks"],"fullName":"i18n tasks nl has no extra keys beyond en","status":"passed","title":"nl has no extra keys beyond en","duration":0.13239999999996144,"failureMessages":[],"meta":{},"tags":[]},{"ancestorTitles":["i18n","tasks"],"fullName":"i18n tasks nl interpolation tokens match en","status":"passed","title":"nl interpolation tokens match en","duration":0.10860000000002401,"failureMessages":[],"meta":{},"tags":[]},{"ancestorTitles":["i18n","songs"],"fullName":"i18n songs nl has no extra keys beyond en","status":"passed","title":"nl has no extra keys beyond en","duration":0.10179999999991196,"failureMessages":[],"meta":{},"tags":[]},{"ancestorTitles":["i18n","songs"],"fullName":"i18n songs nl interpolation tokens match en","status":"passed","title":"nl interpolation tokens match en","duration":0.25529999999980646,"failureMessages":[],"meta":{},"tags":[]},{"ancestorTitles":["i18n","setlists"],"fullName":"i18n setlists nl has no extra keys beyond en","status":"passed","title":"nl has no extra keys beyond en","duration":0.06889999999975771,"failureMessages":[],"meta":{},"tags":[]},{"ancestorTitles":["i18n","setlists"],"fullName":"i18n setlists nl interpolation tokens match en","status":"passed","title":"nl interpolation tokens match en","duration":0.17399999999997817,"failureMessages":[],"meta":{},"tags":[]},{"ancestorTitles":["i18n","contacts"],"fullName":"i18n contacts nl has no extra keys beyond en","status":"passed","title":"nl has no extra keys beyond en","duration":0.06660000000010768,"failureMessages":[],"meta":{},"tags":[]},{"ancestorTitles":["i18n","contacts"],"fullName":"i18n contacts nl interpolation tokens match en","status":"passed","title":"nl interpolation tokens match en","duration":0.13360000000011496,"failureMessages":[],"meta":{},"tags":[]},{"ancestorTitles":["i18n","suppliers"],"fullName":"i18n suppliers nl has no extra keys beyond en","status":"passed","title":"nl has no extra keys beyond en","duration":0.13160000000016225,"failureMessages":[],"meta":{},"tags":[]},{"ancestorTitles":["i18n","suppliers"],"fullName":"i18n suppliers nl interpolation tokens match en","status":"passed","title":"nl interpolation tokens match en","duration":0.14249999999992724,"failureMessages":[],"meta":{},"tags":[]},{"ancestorTitles":["i18n","venues"],"fullName":"i18n venues nl has no extra keys beyond en","status":"passed","title":"nl has no extra keys beyond en","duration":0.18409999999994398,"failureMessages":[],"meta":{},"tags":[]},{"ancestorTitles":["i18n","venues"],"fullName":"i18n venues nl interpolation tokens match en","status":"passed","title":"nl interpolation tokens match en","duration":0.22730000000001382,"failureMessages":[],"meta":{},"tags":[]},{"ancestorTitles":["i18n","places"],"fullName":"i18n places nl has no extra keys beyond en","status":"passed","title":"nl has no extra keys beyond en","duration":0.07119999999986248,"failureMessages":[],"meta":{},"tags":[]},{"ancestorTitles":["i18n","places"],"fullName":"i18n places nl interpolation tokens match en","status":"passed","title":"nl interpolation tokens match en","duration":0.11560000000008586,"failureMessages":[],"meta":{},"tags":[]},{"ancestorTitles":["i18n","outreach"],"fullName":"i18n outreach nl has no extra keys beyond en","status":"passed","title":"nl has no extra keys beyond en","duration":0.17860000000018772,"failureMessages":[],"meta":{},"tags":[]},{"ancestorTitles":["i18n","outreach"],"fullName":"i18n outreach nl interpolation tokens match en","status":"passed","title":"nl interpolation tokens match en","duration":0.13970000000017535,"failureMessages":[],"meta":{},"tags":[]},{"ancestorTitles":["i18n","invoices"],"fullName":"i18n invoices nl has no extra keys beyond en","status":"passed","title":"nl has no extra keys beyond en","duration":0.06660000000010768,"failureMessages":[],"meta":{},"tags":[]},{"ancestorTitles":["i18n","invoices"],"fullName":"i18n invoices nl interpolation tokens match en","status":"passed","title":"nl interpolation tokens match en","duration":0.2074999999999818,"failureMessages":[],"meta":{},"tags":[]},{"ancestorTitles":["i18n","purchases"],"fullName":"i18n purchases nl has no extra keys beyond en","status":"passed","title":"nl has no extra keys beyond en","duration":0.05199999999967986,"failureMessages":[],"meta":{},"tags":[]},{"ancestorTitles":["i18n","purchases"],"fullName":"i18n purchases nl interpolation tokens match en","status":"passed","title":"nl interpolation tokens match en","duration":0.18389999999999418,"failureMessages":[],"meta":{},"tags":[]},{"ancestorTitles":["i18n","merch"],"fullName":"i18n merch nl has no extra keys beyond en","status":"passed","title":"nl has no extra keys beyond en","duration":0.05580000000009022,"failureMessages":[],"meta":{},"tags":[]},{"ancestorTitles":["i18n","merch"],"fullName":"i18n merch nl interpolation tokens match en","status":"passed","title":"nl interpolation tokens match en","duration":0.1926000000003114,"failureMessages":[],"meta":{},"tags":[]},{"ancestorTitles":["i18n","myBands"],"fullName":"i18n myBands nl has no extra keys beyond en","status":"passed","title":"nl has no extra keys beyond en","duration":0.04489999999987049,"failureMessages":[],"meta":{},"tags":[]},{"ancestorTitles":["i18n","myBands"],"fullName":"i18n myBands nl interpolation tokens match en","status":"passed","title":"nl interpolation tokens match en","duration":0.22679999999991196,"failureMessages":[],"meta":{},"tags":[]},{"ancestorTitles":["i18n","reimbursements"],"fullName":"i18n reimbursements nl has no extra keys beyond en","status":"passed","title":"nl has no extra keys beyond en","duration":0.48250000000007276,"failureMessages":[],"meta":{},"tags":[]},{"ancestorTitles":["i18n","reimbursements"],"fullName":"i18n reimbursements nl interpolation tokens match en","status":"passed","title":"nl interpolation tokens match en","duration":0.11050000000022919,"failureMessages":[],"meta":{},"tags":[]},{"ancestorTitles":["i18n","journal"],"fullName":"i18n journal nl has no extra keys beyond en","status":"passed","title":"nl has no extra keys beyond en","duration":0.0704000000000633,"failureMessages":[],"meta":{},"tags":[]},{"ancestorTitles":["i18n","journal"],"fullName":"i18n journal nl interpolation tokens match en","status":"passed","title":"nl interpolation tokens match en","duration":0.11990000000014334,"failureMessages":[],"meta":{},"tags":[]},{"ancestorTitles":["i18n","ledger"],"fullName":"i18n ledger nl has no extra keys beyond en","status":"passed","title":"nl has no extra keys beyond en","duration":0.08099999999967622,"failureMessages":[],"meta":{},"tags":[]},{"ancestorTitles":["i18n","ledger"],"fullName":"i18n ledger nl interpolation tokens match en","status":"passed","title":"nl interpolation tokens match en","duration":0.23640000000023065,"failureMessages":[],"meta":{},"tags":[]},{"ancestorTitles":["i18n","vatReturns"],"fullName":"i18n vatReturns nl has no extra keys beyond en","status":"passed","title":"nl has no extra keys beyond en","duration":0.06430000000000291,"failureMessages":[],"meta":{},"tags":[]},{"ancestorTitles":["i18n","vatReturns"],"fullName":"i18n vatReturns nl interpolation tokens match en","status":"passed","title":"nl interpolation tokens match en","duration":0.17650000000003274,"failureMessages":[],"meta":{},"tags":[]},{"ancestorTitles":["i18n","reports"],"fullName":"i18n reports nl has no extra keys beyond en","status":"passed","title":"nl has no extra keys beyond en","duration":0.11329999999998108,"failureMessages":[],"meta":{},"tags":[]},{"ancestorTitles":["i18n","reports"],"fullName":"i18n reports nl interpolation tokens match en","status":"passed","title":"nl interpolation tokens match en","duration":0.12820000000010623,"failureMessages":[],"meta":{},"tags":[]},{"ancestorTitles":["i18n","settings"],"fullName":"i18n settings nl has no extra keys beyond en","status":"passed","title":"nl has no extra keys beyond en","duration":0.10840000000007421,"failureMessages":[],"meta":{},"tags":[]},{"ancestorTitles":["i18n","settings"],"fullName":"i18n settings nl interpolation tokens match en","status":"passed","title":"nl interpolation tokens match en","duration":0.4881000000000313,"failureMessages":[],"meta":{},"tags":[]},{"ancestorTitles":["i18n","auth"],"fullName":"i18n auth nl has no extra keys beyond en","status":"passed","title":"nl has no extra keys beyond en","duration":0.03929999999991196,"failureMessages":[],"meta":{},"tags":[]},{"ancestorTitles":["i18n","auth"],"fullName":"i18n auth nl interpolation tokens match en","status":"passed","title":"nl interpolation tokens match en","duration":0.047000000000025466,"failureMessages":[],"meta":{},"tags":[]},{"ancestorTitles":["i18n","notifications"],"fullName":"i18n notifications nl has no extra keys beyond en","status":"passed","title":"nl has no extra keys beyond en","duration":0.04610000000002401,"failureMessages":[],"meta":{},"tags":[]},{"ancestorTitles":["i18n","notifications"],"fullName":"i18n notifications nl interpolation tokens match en","status":"passed","title":"nl interpolation tokens match en","duration":0.13959999999997308,"failureMessages":[],"meta":{},"tags":[]},{"ancestorTitles":["i18n","billing"],"fullName":"i18n billing nl has no extra keys beyond en","status":"passed","title":"nl has no extra keys beyond en","duration":0.1228000000000975,"failureMessages":[],"meta":{},"tags":[]},{"ancestorTitles":["i18n","billing"],"fullName":"i18n billing nl interpolation tokens match en","status":"passed","title":"nl interpolation tokens match en","duration":0.4072999999998501,"failureMessages":[],"meta":{},"tags":[]},{"ancestorTitles":["i18n","onboarding"],"fullName":"i18n onboarding nl has no extra keys beyond en","status":"passed","title":"nl has no extra keys beyond en","duration":0.0955999999996493,"failureMessages":[],"meta":{},"tags":[]},{"ancestorTitles":["i18n","onboarding"],"fullName":"i18n onboarding nl interpolation tokens match en","status":"passed","title":"nl interpolation tokens match en","duration":0.15830000000005384,"failureMessages":[],"meta":{},"tags":[]},{"ancestorTitles":["i18n","financeOnboarding"],"fullName":"i18n financeOnboarding nl has no extra keys beyond en","status":"passed","title":"nl has no extra keys beyond en","duration":0.15820000000030632,"failureMessages":[],"meta":{},"tags":[]},{"ancestorTitles":["i18n","financeOnboarding"],"fullName":"i18n financeOnboarding nl interpolation tokens match en","status":"passed","title":"nl interpolation tokens match en","duration":0.11979999999994106,"failureMessages":[],"meta":{},"tags":[]},{"ancestorTitles":["i18n","tutorials"],"fullName":"i18n tutorials nl has no extra keys beyond en","status":"passed","title":"nl has no extra keys beyond en","duration":0.056599999999889405,"failureMessages":[],"meta":{},"tags":[]},{"ancestorTitles":["i18n","tutorials"],"fullName":"i18n tutorials nl interpolation tokens match en","status":"passed","title":"nl interpolation tokens match en","duration":0.16899999999986903,"failureMessages":[],"meta":{},"tags":[]},{"ancestorTitles":["i18n","adminOperations"],"fullName":"i18n adminOperations nl has no extra keys beyond en","status":"passed","title":"nl has no extra keys beyond en","duration":0.06720000000041182,"failureMessages":[],"meta":{},"tags":[]},{"ancestorTitles":["i18n","adminOperations"],"fullName":"i18n adminOperations nl interpolation tokens match en","status":"passed","title":"nl interpolation tokens match en","duration":0.5970999999999549,"failureMessages":[],"meta":{},"tags":[]},{"ancestorTitles":["i18n","dialogs"],"fullName":"i18n dialogs nl has no extra keys beyond en","status":"passed","title":"nl has no extra keys beyond en","duration":0.07819999999992433,"failureMessages":[],"meta":{},"tags":[]},{"ancestorTitles":["i18n","dialogs"],"fullName":"i18n dialogs nl interpolation tokens match en","status":"passed","title":"nl interpolation tokens match en","duration":0.08920000000034634,"failureMessages":[],"meta":{},"tags":[]},{"ancestorTitles":["i18n"],"fullName":"i18n keeps reusable UI copy in shared keys for en","status":"passed","title":"keeps reusable UI copy in shared keys for en","duration":2.4740999999999076,"failureMessages":[],"meta":{},"tags":[]},{"ancestorTitles":["i18n"],"fullName":"i18n keeps reusable UI copy in shared keys for nl","status":"passed","title":"keeps reusable UI copy in shared keys for nl","duration":0.5264999999999418,"failureMessages":[],"meta":{},"tags":[]}],"startTime":1787408745813,"endTime":1787408745832.5266,"status":"passed","message":"","name":"F:/devprojects/gigbuddy/src/app/__tests__/i18n.test.js"},{"assertionResults":[{"ancestorTitles":["shared/ics buildIcsCalendar"],"fullName":"shared/ics buildIcsCalendar wraps events in a VCALENDAR with the default PRODID","status":"passed","title":"wraps events in a VCALENDAR with the default PRODID","duration":1.325199999999768,"failureMessages":[],"meta":{},"tags":[]},{"ancestorTitles":["shared/ics buildIcsCalendar"],"fullName":"shared/ics buildIcsCalendar emits an escaped X-WR-CALNAME only when calName is provided","status":"passed","title":"emits an escaped X-WR-CALNAME only when calName is provided","duration":0.27500000000009095,"failureMessages":[],"meta":{},"tags":[]},{"ancestorTitles":["shared/ics buildIcsCalendar"],"fullName":"shared/ics buildIcsCalendar formats a timed event with the Europe/Amsterdam timezone","status":"passed","title":"formats a timed event with the Europe/Amsterdam timezone","duration":1.3183999999996558,"failureMessages":[],"meta":{},"tags":[]},{"ancestorTitles":["shared/ics buildIcsCalendar"],"fullName":"shared/ics buildIcsCalendar formats an overnight timed event with its end on the next date","status":"passed","title":"formats an overnight timed event with its end on the next date","duration":0.2476000000001477,"failureMessages":[],"meta":{},"tags":[]},{"ancestorTitles":["shared/ics buildIcsCalendar"],"fullName":"shared/ics buildIcsCalendar formats an all-day event with an exclusive DTEND (end + 1 day)","status":"passed","title":"formats an all-day event with an exclusive DTEND (end + 1 day)","duration":0.18920000000025539,"failureMessages":[],"meta":{},"tags":[]},{"ancestorTitles":["shared/ics buildIcsCalendar"],"fullName":"shared/ics buildIcsCalendar escapes special characters in text values","status":"passed","title":"escapes special characters in text values","duration":0.2759000000000924,"failureMessages":[],"meta":{},"tags":[]},{"ancestorTitles":["shared/ics buildIcsCalendar"],"fullName":"shared/ics buildIcsCalendar folds lines longer than 75 octets, capping every physical line at 75","status":"passed","title":"folds lines longer than 75 octets, capping every physical line at 75","duration":0.7161000000000968,"failureMessages":[],"meta":{},"tags":[]},{"ancestorTitles":["shared/ics buildIcsCalendar"],"fullName":"shared/ics buildIcsCalendar emits the Europe/Amsterdam VTIMEZONE once, before the first VEVENT, when any event is timed","status":"passed","title":"emits the Europe/Amsterdam VTIMEZONE once, before the first VEVENT, when any event is timed","duration":1.0842999999999847,"failureMessages":[],"meta":{},"tags":[]},{"ancestorTitles":["shared/ics buildIcsCalendar"],"fullName":"shared/ics buildIcsCalendar omits the VTIMEZONE for a feed of only all-day events (no TZID referenced)","status":"passed","title":"omits the VTIMEZONE for a feed of only all-day events (no TZID referenced)","duration":0.401299999999992,"failureMessages":[],"meta":{},"tags":[]},{"ancestorTitles":["shared/ics buildIcsCalendar"],"fullName":"shared/ics buildIcsCalendar omits optional fields when absent","status":"passed","title":"omits optional fields when absent","duration":0.25040000000035434,"failureMessages":[],"meta":{},"tags":[]},{"ancestorTitles":["shared/ics buildIcsCalendar"],"fullName":"shared/ics buildIcsCalendar emits SEQUENCE:0 by default and uses the provided value when set","status":"passed","title":"emits SEQUENCE:0 by default and uses the provided value when set","duration":0.19099999999980355,"failureMessages":[],"meta":{},"tags":[]},{"ancestorTitles":["shared/ics buildIcsCalendar"],"fullName":"shared/ics buildIcsCalendar emits LAST-MODIFIED when provided and omits it when absent","status":"passed","title":"emits LAST-MODIFIED when provided and omits it when absent","duration":0.1898999999998523,"failureMessages":[],"meta":{},"tags":[]},{"ancestorTitles":["shared/ics buildIcsCalendar"],"fullName":"shared/ics buildIcsCalendar terminates the calendar with a trailing CRLF after END:VCALENDAR","status":"passed","title":"terminates the calendar with a trailing CRLF after END:VCALENDAR","duration":0.11259999999992942,"failureMessages":[],"meta":{},"tags":[]},{"ancestorTitles":["shared/ics buildIcsCalendar"],"fullName":"shared/ics buildIcsCalendar includes REFRESH-INTERVAL and X-PUBLISHED-TTL in the calendar header","status":"passed","title":"includes REFRESH-INTERVAL and X-PUBLISHED-TTL in the calendar header","duration":0.1839999999997417,"failureMessages":[],"meta":{},"tags":[]}],"startTime":1787408749575,"endTime":1787408749582.19,"status":"passed","message":"","name":"F:/devprojects/gigbuddy/src/app/__tests__/ics.test.js"},{"assertionResults":[{"ancestorTitles":["ImageCropDialog"],"fullName":"ImageCropDialog does not render an image when no crop source is available","status":"passed","title":"does not render an image when no crop source is available","duration":137.76060000000007,"failureMessages":[],"meta":{},"tags":[]},{"ancestorTitles":["ImageCropDialog"],"fullName":"ImageCropDialog renders the selected image when a crop source is available","status":"passed","title":"renders the selected image when a crop source is available","duration":60.66419999999971,"failureMessages":[],"meta":{},"tags":[]}],"startTime":1787408740803,"endTime":1787408741000.6643,"status":"passed","message":"","name":"F:/devprojects/gigbuddy/src/app/__tests__/ImageCropDialog.test.jsx"},{"assertionResults":[{"ancestorTitles":["isIntegrationConfigured"],"fullName":"isIntegrationConfigured checks the requested integration only","status":"passed","title":"checks the requested integration only","duration":1.0737000000003718,"failureMessages":[],"meta":{},"tags":[]},{"ancestorTitles":["isIntegrationConfigured"],"fullName":"isIntegrationConfigured fails closed while configuration is unavailable","status":"passed","title":"fails closed while configuration is unavailable","duration":0.18280000000004293,"failureMessages":[],"meta":{},"tags":[]}],"startTime":1787408755266,"endTime":1787408755267.1829,"status":"passed","message":"","name":"F:/devprojects/gigbuddy/src/app/__tests__/integrations.test.js"},{"assertionResults":[{"ancestorTitles":["InteractiveFretboard"],"fullName":"InteractiveFretboard sets a string fret when its cell is clicked","status
[...]
ssages":[],"meta":{},"tags":[]},{"ancestorTitles":["OnboardingPage — what are you setting up?"],"fullName":"OnboardingPage — what are you setting up? explains itself instead of dead-ending when no trial tier is configured","status":"passed","title":"explains itself instead of dead-ending when no trial tier is configured","duration":125.75030000000152,"failureMessages":[],"meta":{},"tags":[]},{"ancestorTitles":["OnboardingPage — what are you setting up?"],"fullName":"OnboardingPage — what are you setting up? creates a personal workspace when that kind is chosen","status":"passed","title":"creates a personal workspace when that kind is chosen","duration":786.5673999999999,"failureMessages":[],"meta":{},"tags":[]},{"ancestorTitles":["OnboardingPage — what are you setting up?"],"fullName":"OnboardingPage — what are you setting up? a resumed personal onboarding does not offer the band path again","status":"passed","title":"a resumed personal onboarding does not offer the band path again","duration":158.51910000000134,"failureMessages":[],"meta":{},"tags":[]},{"ancestorTitles":["OnboardingPage — a trial that is already running"],"fullName":"OnboardingPage — a trial that is already running marks the held product as on trial and offers the other for the remainder","status":"passed","title":"marks the held product as on trial and offers the other for the remainder","duration":50.62509999999929,"failureMessages":[],"meta":{},"tags":[]},{"ancestorTitles":["OnboardingPage — a trial that is already running"],"fullName":"OnboardingPage — a trial that is already running singularises the last day","status":"passed","title":"singularises the last day","duration":38.45650000000023,"failureMessages":[],"meta":{},"tags":[]},{"ancestorTitles":["OnboardingPage — a trial that is already running"],"fullName":"OnboardingPage — a trial that is already running adds the missing module to the running trial after creating the workspace","status":"passed","title":"adds the missing module to the running trial after creating the workspace","duration":726.0686000000005,"failureMessages":[],"meta":{},"tags":[]},{"ancestorTitles":["OnboardingPage — a trial that is already running"],"fullName":"OnboardingPage — a trial that is already running does not re-add a module the server already attached","status":"passed","title":"does not re-add a module the server already attached","duration":656.2922999999973,"failureMessages":[],"meta":{},"tags":[]},{"ancestorTitles":["OnboardingPage — a trial that is already running"],"fullName":"OnboardingPage — a trial that is already running stops on a visible dead end when the module could not be added","status":"passed","title":"stops on a visible dead end when the module could not be added","duration":677.9883000000009,"failureMessages":[],"meta":{},"tags":[]},{"ancestorTitles":["OnboardingPage — resume via onboarding pointer"],"fullName":"OnboardingPage — resume via onboarding pointer adopts only the pointer tenant and resumes trial-first onboarding","status":"passed","title":"adopts only the pointer tenant and resumes trial-first onboarding","duration":238.23359999999957,"failureMessages":[],"meta":{},"tags":[]},{"ancestorTitles":["OnboardingPage — resume via onboarding pointer"],"fullName":"OnboardingPage — resume via onboarding pointer still resumes a pointer tenant when new tenant onboarding is disabled","status":"passed","title":"still resumes a pointer tenant when new tenant onboarding is disabled","duration":207.5511000000006,"failureMessages":[],"meta":{},"tags":[]},{"ancestorTitles":["OnboardingPage — resume via onboarding pointer"],"fullName":"OnboardingPage — resume via onboarding pointer waits for the resume lookup before the wizard becomes interactive","status":"passed","title":"waits for the resume lookup before the wizard becomes interactive","duration":42.38330000000133,"failureMessages":[],"meta":{},"tags":[]},{"ancestorTitles":["OnboardingPage — resume via onboarding pointer"],"fullName":"OnboardingPage — resume via onboarding pointer blocks the wizard when the resume lookup fails, rather than risking a duplicate create","status":"passed","title":"blocks the wizard when the resume lookup fails, rather than risking a duplicate create","duration":60.07619999999952,"failureMessages":[],"meta":{},"tags":[]},{"ancestorTitles":["OnboardingPage — resume via onboarding pointer"],"fullName":"OnboardingPage — resume via onboarding pointer never adopts an owned band without the pointer: cap error is a dead end with an exit","status":"passed","title":"never adopts an owned band without the pointer: cap error is a dead end with an exit","duration":933.6836999999978,"failureMessages":[],"meta":{},"tags":[]},{"ancestorTitles":["OnboardingPage — checkout return"],"fullName":"OnboardingPage — checkout return settles on the sync result (re-ingested state), completes onboarding, offers the app","status":"passed","title":"settles on the sync result (re-ingested state), completes onboarding, offers the app","duration":42.85009999999966,"failureMessages":[],"meta":{},"tags":[]},{"ancestorTitles":["OnboardingPage — checkout return"],"fullName":"OnboardingPage — checkout return re-syncs on later polls so a payment settling after the first attempt still activates","status":"passed","title":"re-syncs on later polls so a payment settling after the first attempt still activates","duration":26.563500000000204,"failureMessages":[],"meta":{},"tags":[]},{"ancestorTitles":["OnboardingPage — claiming a band profile"],"fullName":"OnboardingPage — claiming a band profile submits the claim on a RESUMED onboarding too","status":"passed","title":"submits the claim on a RESUMED onboarding too","duration":778.8262000000032,"failureMessages":[],"meta":{},"tags":[]},{"ancestorTitles":["OnboardingPage — claiming a band profile"],"fullName":"OnboardingPage — claiming a band profile never blocks workspace creation when the claim fails","status":"passed","title":"never blocks workspace creation when the claim fails","duration":882.7036999999982,"failureMessages":[],"meta":{},"tags":[]}],"startTime":1787408647737,"endTime":1787408660017.7036,"status":"passed","message":"","name":"F:/devprojects/gigbuddy/src/user/identity/__tests__/OnboardingPage.test.jsx"},{"assertionResults":[{"ancestorTitles":["RequireAuth"],"fullName":"RequireAuth shows loading while user is undefined","status":"passed","title":"shows loading while user is undefined","duration":94.29989999999952,"failureMessages":[],"meta":{},"tags":[]},{"ancestorTitles":["RequireAuth"],"fullName":"RequireAuth redirects unauthenticated users to /login","status":"passed","title":"redirects unauthenticated users to /login","duration":9,"failureMessages":[],"meta":{},"tags":[]},{"ancestorTitles":["RequireAuth"],"fullName":"RequireAuth redirects globally rejected users to /pending","status":"passed","title":"redirects globally rejected users to /pending","duration":2.657700000000659,"failureMessages":[],"meta":{},"tags":[]},{"ancestorTitles":["RequireAuth"],"fullName":"RequireAuth redirects approved users with no memberships to /onboarding","status":"passed","title":"redirects approved users with no memberships to /onboarding","duration":6.196199999999408,"failureMessages":[],"meta":{},"tags":[]},{"ancestorTitles":["RequireAuth"],"fullName":"RequireAuth lets zero-membership users stay on /redeem-invite (invite path)","status":"passed","title":"lets zero-membership users stay on /redeem-invite (invite path)","duration":3.2587000000003172,"failureMessages":[],"meta":{},"tags":[]},{"ancestorTitles":["RequireAuth"],"fullName":"RequireAuth redirects users with only-pending memberships to /pending","status":"passed","title":"redirects users with only-pending memberships to /pending","duration":2.9198999999998705,"failureMessages":[],"meta":{},"tags":[]},{"ancestorTitles":["RequireAuth"],"fullName":"RequireAuth keeps a personal-workspace owner in the app while a band request is pending","status":"passed","title":"keeps a personal-workspace owner in the app while a band request is pending","duration":2.248700000000099,"failureMessages":[],"meta":{},"tags":[]},{"ancestorTitles":["RequireAuth"],"fullName":"RequireAuth renders the app for users with at least one approved membership","status":"passed","title":"renders the app for users with at least one approved membership","duration":2.429500000000189,"failureMessages":[],"meta":{},"tags":[]},{"ancestorTitles":["RequireAuth"],"fullName":"RequireAuth always renders for super admins, even with no memberships","status":"passed","title":"always renders for super admins, even with no memberships","duration":1.8140000000003056,"failureMessages":[],"meta":{},"tags":[]},{"ancestorTitles":["RequireAuth"],"fullName":"RequireAuth lets users on /redeem-invite stay there even when they have memberships","status":"passed","title":"lets users on /redeem-invite stay there even when they have memberships","duration":1.7875000000003638,"failureMessages":[],"meta":{},"tags":[]},{"ancestorTitles":["RequireAuth","terms gate"],"fullName":"RequireAuth terms gate redirects an approved member on a stale terms version to /accept-terms","status":"passed","title":"redirects an approved member on a stale terms version to /accept-terms","duration":2.029299999999239,"failureMessages":[],"meta":{},"tags":[]},{"ancestorTitles":["RequireAuth","terms gate"],"fullName":"RequireAuth terms gate redirects an approved invite user who never accepted terms","status":"passed","title":"redirects an approved invite user who never accepted terms","duration":1.6588999999994485,"failureMessages":[],"meta":{},"tags":[]},{"ancestorTitles":["RequireAuth","terms gate"],"fullName":"RequireAuth terms gate does not require terms acceptance from a super admin","status":"passed","title":"does not require terms acceptance from a super admin","duration":1.4619000000002416,"failureMessages":[],"meta":{},"tags":[]},{"ancestorTitles":["RequireAuth","terms gate"],"fullName":"RequireAuth terms gate lets a stale-terms user reach /accept-terms itself (no redirect loop)","status":"passed","title":"lets a stale-terms user reach /accept-terms itself (no redirect loop)","duration":1.8468000000002576,"failureMessages":[],"meta":{},"tags":[]},{"ancestorTitles":["RequireAuth","terms gate"],"fullName":"RequireAuth terms gate does not force terms on the onboarding flow (it accepts them itself)","status":"passed","title":"does not force terms on the onboarding flow (it accepts them itself)","duration":2.284099999999853,"failureMessages":[],"meta":{},"tags":[]},{"ancestorTitles":["RequireAuth","/onboarding authorization"],"fullName":"RequireAuth /onboarding authorization renders for zero-membership users","status":"passed","title":"renders for zero-membership users","duration":2.5554000000001906,"failureMessages":[],"meta":{},"tags":[]},{"ancestorTitles":["RequireAuth","/onboarding authorization"],"fullName":"RequireAuth /onboarding authorization redirects pending-only users to /pending (no onboarding around approval)","status":"passed","title":"redirects pending-only users to /pending (no onboarding around approval)","duration":2.073599999999715,"failureMessages":[],"meta":{},"tags":[]},{"ancestorTitles":["RequireAuth","/onboarding authorization"],"fullName":"RequireAuth /onboarding authorization renders for users with an approved membership (checkout return leg)","status":"passed","title":"renders for users with an approved membership (checkout return leg)","duration":1.9236000000000786,"failureMessages":[],"meta":{},"tags":[]},{"ancestorTitles":["RequireAuth","/onboarding authorization"],"fullName":"RequireAuth /onboarding authorization renders for super admins","status":"passed","title":"renders for super admins","duration":2.2346999999999753,"failureMessages":[],"meta":{},"tags":[]}],"startTime":1787408742730,"endTime":1787408742875.2346,"status":"passed","message":"","name":"F:/devprojects/gigbuddy/src/user/identity/__tests__/RequireAuth.test.jsx"},{"assertionResults":[{"ancestorTitles":["NotificationsBell"],"fullName":"NotificationsBell shows the unread dot when there are unread notifications","status":"passed","title":"shows the unread dot when there are unread notifications","duration":125.98169999999936,"failureMessages":[],"meta":{},"tags":[]},{"ancestorTitles":["NotificationsBell"],"fullName":"NotificationsBell hides the dot when everything is read","status":"passed","title":"hides the dot when everything is read","duration":37.29500000000007,"failureMessages":[],"meta":{},"tags":[]},{"ancestorTitles":["NotificationsBell"],"fullName":"NotificationsBell lists notifications with the band profile picture (and fallback) when opened","status":"passed","title":"lists notifications with the band profile picture (and fallback) when opened","duration":305.28700000000026,"failureMessages":[],"meta":{},"tags":[]},{"ancestorTitles":["NotificationsBell"],"fullName":"NotificationsBell shows an empty state when there are no notifications","status":"passed","title":"shows an empty state when there are no notifications","duration":87.59760000000006,"failureMessages":[],"meta":{},"tags":[]},{"ancestorTitles":["NotificationsBell"],"fullName":"NotificationsBell marks all read","status":"passed","title":"marks all read","duration":135.5644000000002,"failureMessages":[],"meta":{},"tags":[]},{"ancestorTitles":["NotificationsBell"],"fullName":"NotificationsBell removes a single notification via its cross","status":"passed","title":"removes a single notification via its cross","duration":108.14710000000014,"failureMessages":[],"meta":{},"tags":[]},{"ancestorTitles":["NotificationsBell"],"fullName":"NotificationsBell navigates within the active tenant without switching","status":"passed","title":"navigates within the active tenant without switching","duration":122.20510000000013,"failureMessages":[],"meta":{},"tags":[]},{"ancestorTitles":["NotificationsBell"],"fullName":"NotificationsBell switches tenant first when the notification belongs to another band","status":"passed","title":"switches tenant first when the notification belongs to another band","duration":116.8744999999999,"failureMessages":[],"meta":{},"tags":[]},{"ancestorTitles":["NotificationsBell"],"fullName":"NotificationsBell opens the notification settings page from the header icon","status":"passed","title":"opens the notification settings page from the header icon","duration":114.76749999999993,"failureMessages":[],"meta":{},"tags":[]}],"startTime":1787408706686,"endTime":1787408707839.7676,"status":"passed","message":"","name":"F:/devprojects/gigbuddy/src/user/notifications/__tests__/NotificationsBell.test.jsx"},{"assertionResults":[{"ancestorTitles":["sendPushToMember"],"fullName":"sendPushToMember does not send when band member has no linked user","status":"passed","title":"does not send when band member has no linked user","duration":1.425100000000043,"failureMessages":[],"meta":{},"tags":[]},{"ancestorTitles":["sendPushToMember"],"fullName":"sendPushToMember does not send when linked user has no push subscriptions","status":"passed","title":"does not send when linked user has no push subscriptions","duration":0.2725000000000364,"failureMessages":[],"meta":{},"tags":[]},{"ancestorTitles":["sendPushToMember"],"fullName":"sendPushToMember sends to all subscriptions of the linked user with tenant context","status":"passed","title":"sends to all subscriptions of the linked user with tenant context","duration":1.4812999999999192,"failureMessages":[],"meta":{},"tags":[]},{"ancestorTitles":["sendPushToMember"],"fullName":"sendPushToMember scopes the band_members lookup by tenant + user_id IS NOT NULL","status":"passed","title":"scopes the band_members lookup by tenant + user_id IS NOT NULL","duration":1.221900000000005,"failureMessages":[],"meta":{},"tags":[]},{"ancestorTitles":["sendPushToMember"],"fullName":"sendPushToMember removes stale subscriptions that return 410","status":"passed","title":"removes stale subscriptions that return 410","duration":0.45670000000006894,"failureMessages":[],"meta":{},"tags":[]}],"startTime":1787408743744,"endTime":1787408743748.4568,"status":"passed","message":"","name":"F:/devprojects/gigbuddy/src/user/notifications/__tests__/sendPush.test.js"},{"assertionResults":[{"ancestorTitles":["usePushNotifications"],"fullName":"usePushNotifications returns unsupported when serviceWorker is missing","status":"passed","title":"returns unsupported when serviceWorker is missing","duration":17.269199999999728,"failureMessages":[],"meta":{},"tags":[]},{"ancestorTitles":["usePushNotifications"],"fullName":"usePushNotifications returns denied when Notification permission is denied","status":"passed","title":"returns denied when Notification permission is denied","duration":2.6028000000001157,"failureMessages":[],"meta":{},"tags":[]},{"ancestorTitles":["usePushNotifications"],"fullName":"usePushNotifications transitions to unsubscribed when no existing subscription","status":"passed","title":"transitions to unsubscribed when no existing subscription","duration":58.53460000000041,"failureMessages":[],"meta":{},"tags":[]},{"ancestorTitles":["usePushNotifications"],"fullName":"usePushNotifications transitions to subscribed when an existing subscription is present","status":"passed","title":"transitions to subscribed when an existing subscription is present","duration":53.53830000000016,"failureMessages":[],"meta":{},"tags":[]},{"ancestorTitles":["usePushNotifications"],"fullName":"usePushNotifications settles to unavailable when serviceWorker.ready never resolves","status":"passed","title":"settles to unavailable when serviceWorker.ready never resolves","duration":9.871899999999641,"failureMessages":[],"meta":{},"tags":[]},{"ancestorTitles":["usePushNotifications"],"fullName":"usePushNotifications settles to unavailable when the readiness check rejects","status":"passed","title":"settles to unavailable when the readiness check rejects","duration":60.31719999999996,"failureMessages":[],"meta":{},"tags":[]},{"ancestorTitles":["usePushNotifications"],"fullName":"usePushNotifications subscribe() creates a subscription and posts it to the server","status":"passed","title":"subscribe() creates a subscription and posts it to the server","duration":55.833700000000135,"failureMessages":[],"meta":{},"tags":[]},{"ancestorTitles":["usePushNotifications"],"fullName":"usePushNotifications subscribe() falls back to unsubscribed on network failure","status":"passed","title":"subscribe() falls back to unsubscribed on network failure","duration":54.158600000000206,"failureMessages":[],"meta":{},"tags":[]},{"ancestorTitles":["usePushNotifications"],"fullName":"usePushNotifications subscribe() sets denied when the permission prompt is blocked","status":"passed","title":"subscribe() sets denied when the permission prompt is blocked","duration":55.01690000000008,"failureMessages":[],"meta":{},"tags":[]},{"ancestorTitles":["usePushNotifications"],"fullName":"usePushNotifications subscribe() stays unsubscribed when the permission prompt is dismissed","status":"passed","title":"subscribe() stays unsubscribed when the permission prompt is dismissed","duration":53.82589999999982,"failureMessages":[],"meta":{},"tags":[]},{"ancestorTitles":["usePushNotifications"],"fullName":"usePushNotifications unsubscribe() removes the subscription server-side and locally","status":"passed","title":"unsubscribe() removes the subscription server-side and locally","duration":55.70550000000003,"failureMessages":[],"meta":{},"tags":[]},{"ancestorTitles":["usePushNotifications"],"fullName":"usePushNotifications unsubscribe() is a no-op when there is no active subscription","status":"passed","title":"unsubscribe() is a no-op when there is no active subscription","duration":53.47489999999971,"failureMessages":[],"meta":{},"tags":[]}],"startTime":1787408728141,"endTime":1787408728671.4749,"status":"passed","message":"","name":"F:/devprojects/gigbuddy/src/user/notifications/__tests__/usePushNotifications.test.js"}]}